CRITICAL - 2022-08-10 13:05:25 --> Class "BaseController" not found
in APPPATH\Controllers\Pages.php on line 2.
 1 SYSTEMPATH\Autoloader\Autoloader.php(282): include_once()
 2 SYSTEMPATH\Autoloader\Autoloader.php(259): CodeIgniter\Autoloader\Autoloader->includeFile('APPPATH\\Controllers\\Pages.php')
 3 SYSTEMPATH\Autoloader\Autoloader.php(237): CodeIgniter\Autoloader\Autoloader->loadInNamespace('App\\Controllers\\Pages')
 4 [internal function]: CodeIgniter\Autoloader\Autoloader->loadClass('App\\Controllers\\Pages')
 5 SYSTEMPATH\CodeIgniter.php(848): class_exists('\\App\\Controllers\\Pages', true)
 6 SYSTEMPATH\CodeIgniter.php(444): CodeIgniter\CodeIgniter->startController()
 7 SYSTEMPATH\CodeIgniter.php(340): CodeIgniter\CodeIgniter->handleRequest(null, Object(Config\Cache), false)
 8 FCPATH\index.php(67): CodeIgniter\CodeIgniter->run()
CRITICAL - 2022-08-10 13:05:27 --> Class "BaseController" not found
in APPPATH\Controllers\Pages.php on line 2.
 1 SYSTEMPATH\Autoloader\Autoloader.php(282): include_once()
 2 SYSTEMPATH\Autoloader\Autoloader.php(259): CodeIgniter\Autoloader\Autoloader->includeFile('APPPATH\\Controllers\\Pages.php')
 3 SYSTEMPATH\Autoloader\Autoloader.php(237): CodeIgniter\Autoloader\Autoloader->loadInNamespace('App\\Controllers\\Pages')
 4 [internal function]: CodeIgniter\Autoloader\Autoloader->loadClass('App\\Controllers\\Pages')
 5 SYSTEMPATH\CodeIgniter.php(848): class_exists('\\App\\Controllers\\Pages', true)
 6 SYSTEMPATH\CodeIgniter.php(444): CodeIgniter\CodeIgniter->startController()
 7 SYSTEMPATH\CodeIgniter.php(340): CodeIgniter\CodeIgniter->handleRequest(null, Object(Config\Cache), false)
 8 FCPATH\index.php(67): CodeIgniter\CodeIgniter->run()
CRITICAL - 2022-08-10 13:06:29 --> Class "BaseController" not found
in APPPATH\Controllers\Pages.php on line 2.
 1 SYSTEMPATH\Autoloader\Autoloader.php(282): include_once()
 2 SYSTEMPATH\Autoloader\Autoloader.php(259): CodeIgniter\Autoloader\Autoloader->includeFile('APPPATH\\Controllers\\Pages.php')
 3 SYSTEMPATH\Autoloader\Autoloader.php(237): CodeIgniter\Autoloader\Autoloader->loadInNamespace('App\\Controllers\\Pages')
 4 [internal function]: CodeIgniter\Autoloader\Autoloader->loadClass('App\\Controllers\\Pages')
 5 SYSTEMPATH\CodeIgniter.php(848): class_exists('\\App\\Controllers\\Pages', true)
 6 SYSTEMPATH\CodeIgniter.php(444): CodeIgniter\CodeIgniter->startController()
 7 SYSTEMPATH\CodeIgniter.php(340): CodeIgniter\CodeIgniter->handleRequest(null, Object(Config\Cache), false)
 8 FCPATH\index.php(67): CodeIgniter\CodeIgniter->run()
CRITICAL - 2022-08-10 13:06:30 --> Class "BaseController" not found
in APPPATH\Controllers\Pages.php on line 2.
 1 SYSTEMPATH\Autoloader\Autoloader.php(282): include_once()
 2 SYSTEMPATH\Autoloader\Autoloader.php(259): CodeIgniter\Autoloader\Autoloader->includeFile('APPPATH\\Controllers\\Pages.php')
 3 SYSTEMPATH\Autoloader\Autoloader.php(237): CodeIgniter\Autoloader\Autoloader->loadInNamespace('App\\Controllers\\Pages')
 4 [internal function]: CodeIgniter\Autoloader\Autoloader->loadClass('App\\Controllers\\Pages')
 5 SYSTEMPATH\CodeIgniter.php(848): class_exists('\\App\\Controllers\\Pages', true)
 6 SYSTEMPATH\CodeIgniter.php(444): CodeIgniter\CodeIgniter->startController()
 7 SYSTEMPATH\CodeIgniter.php(340): CodeIgniter\CodeIgniter->handleRequest(null, Object(Config\Cache), false)
 8 FCPATH\index.php(67): CodeIgniter\CodeIgniter->run()
CRITICAL - 2022-08-10 13:06:30 --> Class "BaseController" not found
in APPPATH\Controllers\Pages.php on line 2.
 1 SYSTEMPATH\Autoloader\Autoloader.php(282): include_once()
 2 SYSTEMPATH\Autoloader\Autoloader.php(259): CodeIgniter\Autoloader\Autoloader->includeFile('APPPATH\\Controllers\\Pages.php')
 3 SYSTEMPATH\Autoloader\Autoloader.php(237): CodeIgniter\Autoloader\Autoloader->loadInNamespace('App\\Controllers\\Pages')
 4 [internal function]: CodeIgniter\Autoloader\Autoloader->loadClass('App\\Controllers\\Pages')
 5 SYSTEMPATH\CodeIgniter.php(848): class_exists('\\App\\Controllers\\Pages', true)
 6 SYSTEMPATH\CodeIgniter.php(444): CodeIgniter\CodeIgniter->startController()
 7 SYSTEMPATH\CodeIgniter.php(340): CodeIgniter\CodeIgniter->handleRequest(null, Object(Config\Cache), false)
 8 FCPATH\index.php(67): CodeIgniter\CodeIgniter->run()
CRITICAL - 2022-08-10 13:06:31 --> Class "BaseController" not found
in APPPATH\Controllers\Pages.php on line 2.
 1 SYSTEMPATH\Autoloader\Autoloader.php(282): include_once()
 2 SYSTEMPATH\Autoloader\Autoloader.php(259): CodeIgniter\Autoloader\Autoloader->includeFile('APPPATH\\Controllers\\Pages.php')
 3 SYSTEMPATH\Autoloader\Autoloader.php(237): CodeIgniter\Autoloader\Autoloader->loadInNamespace('App\\Controllers\\Pages')
 4 [internal function]: CodeIgniter\Autoloader\Autoloader->loadClass('App\\Controllers\\Pages')
 5 SYSTEMPATH\CodeIgniter.php(848): class_exists('\\App\\Controllers\\Pages', true)
 6 SYSTEMPATH\CodeIgniter.php(444): CodeIgniter\CodeIgniter->startController()
 7 SYSTEMPATH\CodeIgniter.php(340): CodeIgniter\CodeIgniter->handleRequest(null, Object(Config\Cache), false)
 8 FCPATH\index.php(67): CodeIgniter\CodeIgniter->run()
CRITICAL - 2022-08-10 13:06:31 --> Class "BaseController" not found
in APPPATH\Controllers\Pages.php on line 2.
 1 SYSTEMPATH\Autoloader\Autoloader.php(282): include_once()
 2 SYSTEMPATH\Autoloader\Autoloader.php(259): CodeIgniter\Autoloader\Autoloader->includeFile('APPPATH\\Controllers\\Pages.php')
 3 SYSTEMPATH\Autoloader\Autoloader.php(237): CodeIgniter\Autoloader\Autoloader->loadInNamespace('App\\Controllers\\Pages')
 4 [internal function]: CodeIgniter\Autoloader\Autoloader->loadClass('App\\Controllers\\Pages')
 5 SYSTEMPATH\CodeIgniter.php(848): class_exists('\\App\\Controllers\\Pages', true)
 6 SYSTEMPATH\CodeIgniter.php(444): CodeIgniter\CodeIgniter->startController()
 7 SYSTEMPATH\CodeIgniter.php(340): CodeIgniter\CodeIgniter->handleRequest(null, Object(Config\Cache), false)
 8 FCPATH\index.php(67): CodeIgniter\CodeIgniter->run()
CRITICAL - 2022-08-10 13:06:31 --> Class "BaseController" not found
in APPPATH\Controllers\Pages.php on line 2.
 1 SYSTEMPATH\Autoloader\Autoloader.php(282): include_once()
 2 SYSTEMPATH\Autoloader\Autoloader.php(259): CodeIgniter\Autoloader\Autoloader->includeFile('APPPATH\\Controllers\\Pages.php')
 3 SYSTEMPATH\Autoloader\Autoloader.php(237): CodeIgniter\Autoloader\Autoloader->loadInNamespace('App\\Controllers\\Pages')
 4 [internal function]: CodeIgniter\Autoloader\Autoloader->loadClass('App\\Controllers\\Pages')
 5 SYSTEMPATH\CodeIgniter.php(848): class_exists('\\App\\Controllers\\Pages', true)
 6 SYSTEMPATH\CodeIgniter.php(444): CodeIgniter\CodeIgniter->startController()
 7 SYSTEMPATH\CodeIgniter.php(340): CodeIgniter\CodeIgniter->handleRequest(null, Object(Config\Cache), false)
 8 FCPATH\index.php(67): CodeIgniter\CodeIgniter->run()
CRITICAL - 2022-08-10 13:06:31 --> Class "BaseController" not found
in APPPATH\Controllers\Pages.php on line 2.
 1 SYSTEMPATH\Autoloader\Autoloader.php(282): include_once()
 2 SYSTEMPATH\Autoloader\Autoloader.php(259): CodeIgniter\Autoloader\Autoloader->includeFile('APPPATH\\Controllers\\Pages.php')
 3 SYSTEMPATH\Autoloader\Autoloader.php(237): CodeIgniter\Autoloader\Autoloader->loadInNamespace('App\\Controllers\\Pages')
 4 [internal function]: CodeIgniter\Autoloader\Autoloader->loadClass('App\\Controllers\\Pages')
 5 SYSTEMPATH\CodeIgniter.php(848): class_exists('\\App\\Controllers\\Pages', true)
 6 SYSTEMPATH\CodeIgniter.php(444): CodeIgniter\CodeIgniter->startController()
 7 SYSTEMPATH\CodeIgniter.php(340): CodeIgniter\CodeIgniter->handleRequest(null, Object(Config\Cache), false)
 8 FCPATH\index.php(67): CodeIgniter\CodeIgniter->run()
CRITICAL - 2022-08-10 13:06:36 --> Class "BaseController" not found
in APPPATH\Controllers\Pages.php on line 2.
 1 SYSTEMPATH\Autoloader\Autoloader.php(282): include_once()
 2 SYSTEMPATH\Autoloader\Autoloader.php(259): CodeIgniter\Autoloader\Autoloader->includeFile('APPPATH\\Controllers\\Pages.php')
 3 SYSTEMPATH\Autoloader\Autoloader.php(237): CodeIgniter\Autoloader\Autoloader->loadInNamespace('App\\Controllers\\Pages')
 4 [internal function]: CodeIgniter\Autoloader\Autoloader->loadClass('App\\Controllers\\Pages')
 5 SYSTEMPATH\CodeIgniter.php(848): class_exists('\\App\\Controllers\\Pages', true)
 6 SYSTEMPATH\CodeIgniter.php(444): CodeIgniter\CodeIgniter->startController()
 7 SYSTEMPATH\CodeIgniter.php(340): CodeIgniter\CodeIgniter->handleRequest(null, Object(Config\Cache), false)
 8 FCPATH\index.php(67): CodeIgniter\CodeIgniter->run()
CRITICAL - 2022-08-10 13:08:29 --> Class "BaseController" not found
in APPPATH\Controllers\Pages.php on line 2.
 1 SYSTEMPATH\Autoloader\Autoloader.php(282): include_once()
 2 SYSTEMPATH\Autoloader\Autoloader.php(259): CodeIgniter\Autoloader\Autoloader->includeFile('APPPATH\\Controllers\\Pages.php')
 3 SYSTEMPATH\Autoloader\Autoloader.php(237): CodeIgniter\Autoloader\Autoloader->loadInNamespace('App\\Controllers\\Pages')
 4 [internal function]: CodeIgniter\Autoloader\Autoloader->loadClass('App\\Controllers\\Pages')
 5 SYSTEMPATH\CodeIgniter.php(848): class_exists('\\App\\Controllers\\Pages', true)
 6 SYSTEMPATH\CodeIgniter.php(444): CodeIgniter\CodeIgniter->startController()
 7 SYSTEMPATH\CodeIgniter.php(340): CodeIgniter\CodeIgniter->handleRequest(null, Object(Config\Cache), false)
 8 FCPATH\index.php(67): CodeIgniter\CodeIgniter->run()
CRITICAL - 2022-08-10 13:09:16 --> Class "CI_Controller" not found
in APPPATH\Controllers\Pages.php on line 2.
 1 SYSTEMPATH\Autoloader\Autoloader.php(282): include_once()
 2 SYSTEMPATH\Autoloader\Autoloader.php(259): CodeIgniter\Autoloader\Autoloader->includeFile('APPPATH\\Controllers\\Pages.php')
 3 SYSTEMPATH\Autoloader\Autoloader.php(237): CodeIgniter\Autoloader\Autoloader->loadInNamespace('App\\Controllers\\Pages')
 4 [internal function]: CodeIgniter\Autoloader\Autoloader->loadClass('App\\Controllers\\Pages')
 5 SYSTEMPATH\CodeIgniter.php(848): class_exists('\\App\\Controllers\\Pages', true)
 6 SYSTEMPATH\CodeIgniter.php(444): CodeIgniter\CodeIgniter->startController()
 7 SYSTEMPATH\CodeIgniter.php(340): CodeIgniter\CodeIgniter->handleRequest(null, Object(Config\Cache), false)
 8 FCPATH\index.php(67): CodeIgniter\CodeIgniter->run()
CRITICAL - 2022-08-10 13:17:41 --> Invalid file: pages/pages.php
in SYSTEMPATH\Exceptions\FrameworkException.php on line 33.
 1 SYSTEMPATH\View\View.php(201): CodeIgniter\Exceptions\FrameworkException::forInvalidFile('pages/pages.php')
 2 SYSTEMPATH\Common.php(1137): CodeIgniter\View\View->render('pages/pages', [], true)
 3 APPPATH\Controllers\Pages.php(22): view('pages/pages')
 4 SYSTEMPATH\CodeIgniter.php(898): App\Controllers\Pages->view('pages', 'index')
 5 SYSTEMPATH\CodeIgniter.php(457): CodeIgniter\CodeIgniter->runController(Object(App\Controllers\Pages))
 6 SYSTEMPATH\CodeIgniter.php(340): CodeIgniter\CodeIgniter->handleRequest(null, Object(Config\Cache), false)
 7 FCPATH\index.php(67): CodeIgniter\CodeIgniter->run()
CRITICAL - 2022-08-10 13:18:05 --> Invalid file: pages/pages.php
in SYSTEMPATH\Exceptions\FrameworkException.php on line 33.
 1 SYSTEMPATH\View\View.php(201): CodeIgniter\Exceptions\FrameworkException::forInvalidFile('pages/pages.php')
 2 SYSTEMPATH\Common.php(1137): CodeIgniter\View\View->render('pages/pages', [], true)
 3 APPPATH\Controllers\Pages.php(22): view('pages/pages')
 4 SYSTEMPATH\CodeIgniter.php(898): App\Controllers\Pages->view('pages', 'view', 'about')
 5 SYSTEMPATH\CodeIgniter.php(457): CodeIgniter\CodeIgniter->runController(Object(App\Controllers\Pages))
 6 SYSTEMPATH\CodeIgniter.php(340): CodeIgniter\CodeIgniter->handleRequest(null, Object(Config\Cache), false)
 7 FCPATH\index.php(67): CodeIgniter\CodeIgniter->run()
CRITICAL - 2022-08-10 13:18:37 --> Invalid file: pages/pages.php
in SYSTEMPATH\Exceptions\FrameworkException.php on line 33.
 1 SYSTEMPATH\View\View.php(201): CodeIgniter\Exceptions\FrameworkException::forInvalidFile('pages/pages.php')
 2 SYSTEMPATH\Common.php(1137): CodeIgniter\View\View->render('pages/pages', [], true)
 3 APPPATH\Controllers\Pages.php(22): view('pages/pages')
 4 SYSTEMPATH\CodeIgniter.php(898): App\Controllers\Pages->view('pages', 'view', 'about')
 5 SYSTEMPATH\CodeIgniter.php(457): CodeIgniter\CodeIgniter->runController(Object(App\Controllers\Pages))
 6 SYSTEMPATH\CodeIgniter.php(340): CodeIgniter\CodeIgniter->handleRequest(null, Object(Config\Cache), false)
 7 FCPATH\index.php(67): CodeIgniter\CodeIgniter->run()
CRITICAL - 2022-08-10 13:21:10 --> Invalid file: pages/pages.php
in SYSTEMPATH\Exceptions\FrameworkException.php on line 33.
 1 SYSTEMPATH\View\View.php(201): CodeIgniter\Exceptions\FrameworkException::forInvalidFile('pages/pages.php')
 2 SYSTEMPATH\Common.php(1137): CodeIgniter\View\View->render('pages/pages', [], true)
 3 APPPATH\Controllers\Pages.php(22): view('pages/pages')
 4 SYSTEMPATH\CodeIgniter.php(898): App\Controllers\Pages->view('pages', 'view', 'about')
 5 SYSTEMPATH\CodeIgniter.php(457): CodeIgniter\CodeIgniter->runController(Object(App\Controllers\Pages))
 6 SYSTEMPATH\CodeIgniter.php(340): CodeIgniter\CodeIgniter->handleRequest(null, Object(Config\Cache), false)
 7 FCPATH\index.php(67): CodeIgniter\CodeIgniter->run()
CRITICAL - 2022-08-10 13:21:20 --> Invalid file: pages/pages.php
in SYSTEMPATH\Exceptions\FrameworkException.php on line 33.
 1 SYSTEMPATH\View\View.php(201): CodeIgniter\Exceptions\FrameworkException::forInvalidFile('pages/pages.php')
 2 SYSTEMPATH\Common.php(1137): CodeIgniter\View\View->render('pages/pages', [], true)
 3 APPPATH\Controllers\Pages.php(22): view('pages/pages')
 4 SYSTEMPATH\CodeIgniter.php(898): App\Controllers\Pages->view('pages', 'view', 'about')
 5 SYSTEMPATH\CodeIgniter.php(457): CodeIgniter\CodeIgniter->runController(Object(App\Controllers\Pages))
 6 SYSTEMPATH\CodeIgniter.php(340): CodeIgniter\CodeIgniter->handleRequest(null, Object(Config\Cache), false)
 7 FCPATH\index.php(67): CodeIgniter\CodeIgniter->run()
CRITICAL - 2022-08-10 13:21:29 --> Invalid file: pages/view.php
in SYSTEMPATH\Exceptions\FrameworkException.php on line 33.
 1 SYSTEMPATH\View\View.php(201): CodeIgniter\Exceptions\FrameworkException::forInvalidFile('pages/view.php')
 2 SYSTEMPATH\Common.php(1137): CodeIgniter\View\View->render('pages/view', [], true)
 3 APPPATH\Controllers\Pages.php(22): view('pages/view')
 4 SYSTEMPATH\CodeIgniter.php(898): App\Controllers\Pages->view('view', 'about')
 5 SYSTEMPATH\CodeIgniter.php(457): CodeIgniter\CodeIgniter->runController(Object(App\Controllers\Pages))
 6 SYSTEMPATH\CodeIgniter.php(340): CodeIgniter\CodeIgniter->handleRequest(null, Object(Config\Cache), false)
 7 FCPATH\index.php(67): CodeIgniter\CodeIgniter->run()
CRITICAL - 2022-08-10 14:13:40 --> Undefined variable $baseURL
in APPPATH\Views\templates\header.php on line 31.
 1 APPPATH\Views\templates\header.php(31): CodeIgniter\Debug\Exceptions->errorHandler(2, 'Undefined variable $baseURL', 'APPPATH\\Views\\templates\\header.php', 31)
 2 SYSTEMPATH\View\View.php(213): include('APPPATH\\Views\\templates\\header.php')
 3 SYSTEMPATH\View\View.php(216): CodeIgniter\View\View->CodeIgniter\View\{closure}()
 4 SYSTEMPATH\Common.php(1137): CodeIgniter\View\View->render('templates/header', [], true)
 5 APPPATH\Controllers\Pages.php(21): view('templates/header', [...])
 6 SYSTEMPATH\CodeIgniter.php(898): App\Controllers\Pages->view('about')
 7 SYSTEMPATH\CodeIgniter.php(457): CodeIgniter\CodeIgniter->runController(Object(App\Controllers\Pages))
 8 SYSTEMPATH\CodeIgniter.php(340): CodeIgniter\CodeIgniter->handleRequest(null, Object(Config\Cache), false)
 9 FCPATH\index.php(67): CodeIgniter\CodeIgniter->run()
CRITICAL - 2022-08-10 14:20:57 --> Invalid file: pages/index.php
in SYSTEMPATH\Exceptions\FrameworkException.php on line 33.
 1 SYSTEMPATH\View\View.php(201): CodeIgniter\Exceptions\FrameworkException::forInvalidFile('pages/index.php')
 2 SYSTEMPATH\Common.php(1137): CodeIgniter\View\View->render('pages/index', [], true)
 3 APPPATH\Controllers\Pages.php(22): view('pages/index')
 4 SYSTEMPATH\CodeIgniter.php(898): App\Controllers\Pages->view('index')
 5 SYSTEMPATH\CodeIgniter.php(457): CodeIgniter\CodeIgniter->runController(Object(App\Controllers\Pages))
 6 SYSTEMPATH\CodeIgniter.php(340): CodeIgniter\CodeIgniter->handleRequest(null, Object(Config\Cache), false)
 7 FCPATH\index.php(67): CodeIgniter\CodeIgniter->run()
CRITICAL - 2022-08-10 14:21:11 --> Invalid file: pages/index.php
in SYSTEMPATH\Exceptions\FrameworkException.php on line 33.
 1 SYSTEMPATH\View\View.php(201): CodeIgniter\Exceptions\FrameworkException::forInvalidFile('pages/index.php')
 2 SYSTEMPATH\Common.php(1137): CodeIgniter\View\View->render('pages/index', [], true)
 3 APPPATH\Controllers\Pages.php(22): view('pages/index')
 4 SYSTEMPATH\CodeIgniter.php(898): App\Controllers\Pages->view('index')
 5 SYSTEMPATH\CodeIgniter.php(457): CodeIgniter\CodeIgniter->runController(Object(App\Controllers\Pages))
 6 SYSTEMPATH\CodeIgniter.php(340): CodeIgniter\CodeIgniter->handleRequest(null, Object(Config\Cache), false)
 7 FCPATH\index.php(67): CodeIgniter\CodeIgniter->run()
CRITICAL - 2022-08-10 14:24:59 --> Invalid file: pages/index.php
in SYSTEMPATH\Exceptions\FrameworkException.php on line 33.
 1 SYSTEMPATH\View\View.php(201): CodeIgniter\Exceptions\FrameworkException::forInvalidFile('pages/index.php')
 2 SYSTEMPATH\Common.php(1137): CodeIgniter\View\View->render('pages/index', [], true)
 3 APPPATH\Controllers\Pages.php(22): view('pages/index')
 4 SYSTEMPATH\CodeIgniter.php(898): App\Controllers\Pages->view('index')
 5 SYSTEMPATH\CodeIgniter.php(457): CodeIgniter\CodeIgniter->runController(Object(App\Controllers\Pages))
 6 SYSTEMPATH\CodeIgniter.php(340): CodeIgniter\CodeIgniter->handleRequest(null, Object(Config\Cache), false)
 7 FCPATH\index.php(67): CodeIgniter\CodeIgniter->run()
CRITICAL - 2022-08-10 14:25:05 --> Invalid file: pages/index.php
in SYSTEMPATH\Exceptions\FrameworkException.php on line 33.
 1 SYSTEMPATH\View\View.php(201): CodeIgniter\Exceptions\FrameworkException::forInvalidFile('pages/index.php')
 2 SYSTEMPATH\Common.php(1137): CodeIgniter\View\View->render('pages/index', [], true)
 3 APPPATH\Controllers\Pages.php(22): view('pages/index')
 4 SYSTEMPATH\CodeIgniter.php(898): App\Controllers\Pages->view('index')
 5 SYSTEMPATH\CodeIgniter.php(457): CodeIgniter\CodeIgniter->runController(Object(App\Controllers\Pages))
 6 SYSTEMPATH\CodeIgniter.php(340): CodeIgniter\CodeIgniter->handleRequest(null, Object(Config\Cache), false)
 7 FCPATH\index.php(67): CodeIgniter\CodeIgniter->run()
CRITICAL - 2022-08-10 14:25:14 --> Invalid file: pages/posts.php
in SYSTEMPATH\Exceptions\FrameworkException.php on line 33.
 1 SYSTEMPATH\View\View.php(201): CodeIgniter\Exceptions\FrameworkException::forInvalidFile('pages/posts.php')
 2 SYSTEMPATH\Common.php(1137): CodeIgniter\View\View->render('pages/posts', [], true)
 3 APPPATH\Controllers\Pages.php(22): view('pages/posts')
 4 SYSTEMPATH\CodeIgniter.php(898): App\Controllers\Pages->view('posts', 'index')
 5 SYSTEMPATH\CodeIgniter.php(457): CodeIgniter\CodeIgniter->runController(Object(App\Controllers\Pages))
 6 SYSTEMPATH\CodeIgniter.php(340): CodeIgniter\CodeIgniter->handleRequest(null, Object(Config\Cache), false)
 7 FCPATH\index.php(67): CodeIgniter\CodeIgniter->run()
CRITICAL - 2022-08-10 14:25:25 --> Invalid file: pages/posts.php
in SYSTEMPATH\Exceptions\FrameworkException.php on line 33.
 1 SYSTEMPATH\View\View.php(201): CodeIgniter\Exceptions\FrameworkException::forInvalidFile('pages/posts.php')
 2 SYSTEMPATH\Common.php(1137): CodeIgniter\View\View->render('pages/posts', [], true)
 3 APPPATH\Controllers\Pages.php(22): view('pages/posts')
 4 SYSTEMPATH\CodeIgniter.php(898): App\Controllers\Pages->view('posts', 'index')
 5 SYSTEMPATH\CodeIgniter.php(457): CodeIgniter\CodeIgniter->runController(Object(App\Controllers\Pages))
 6 SYSTEMPATH\CodeIgniter.php(340): CodeIgniter\CodeIgniter->handleRequest(null, Object(Config\Cache), false)
 7 FCPATH\index.php(67): CodeIgniter\CodeIgniter->run()
CRITICAL - 2022-08-10 14:26:08 --> Invalid file: pages/index.php
in SYSTEMPATH\Exceptions\FrameworkException.php on line 33.
 1 SYSTEMPATH\View\View.php(201): CodeIgniter\Exceptions\FrameworkException::forInvalidFile('pages/index.php')
 2 SYSTEMPATH\Common.php(1137): CodeIgniter\View\View->render('pages/index', [], true)
 3 APPPATH\Controllers\Pages.php(22): view('pages/index')
 4 SYSTEMPATH\CodeIgniter.php(898): App\Controllers\Pages->view('index')
 5 SYSTEMPATH\CodeIgniter.php(457): CodeIgniter\CodeIgniter->runController(Object(App\Controllers\Pages))
 6 SYSTEMPATH\CodeIgniter.php(340): CodeIgniter\CodeIgniter->handleRequest(null, Object(Config\Cache), false)
 7 FCPATH\index.php(67): CodeIgniter\CodeIgniter->run()
CRITICAL - 2022-08-10 14:27:06 --> Invalid file: pages/index.php
in SYSTEMPATH\Exceptions\FrameworkException.php on line 33.
 1 SYSTEMPATH\View\View.php(201): CodeIgniter\Exceptions\FrameworkException::forInvalidFile('pages/index.php')
 2 SYSTEMPATH\Common.php(1137): CodeIgniter\View\View->render('pages/index', [], true)
 3 APPPATH\Controllers\Pages.php(22): view('pages/index')
 4 SYSTEMPATH\CodeIgniter.php(898): App\Controllers\Pages->view('index')
 5 SYSTEMPATH\CodeIgniter.php(457): CodeIgniter\CodeIgniter->runController(Object(App\Controllers\Pages))
 6 SYSTEMPATH\CodeIgniter.php(340): CodeIgniter\CodeIgniter->handleRequest(null, Object(Config\Cache), false)
 7 FCPATH\index.php(67): CodeIgniter\CodeIgniter->run()
CRITICAL - 2022-08-10 14:27:11 --> Invalid file: pages/posts.php
in SYSTEMPATH\Exceptions\FrameworkException.php on line 33.
 1 SYSTEMPATH\View\View.php(201): CodeIgniter\Exceptions\FrameworkException::forInvalidFile('pages/posts.php')
 2 SYSTEMPATH\Common.php(1137): CodeIgniter\View\View->render('pages/posts', [], true)
 3 APPPATH\Controllers\Pages.php(22): view('pages/posts')
 4 SYSTEMPATH\CodeIgniter.php(898): App\Controllers\Pages->view('posts')
 5 SYSTEMPATH\CodeIgniter.php(457): CodeIgniter\CodeIgniter->runController(Object(App\Controllers\Pages))
 6 SYSTEMPATH\CodeIgniter.php(340): CodeIgniter\CodeIgniter->handleRequest(null, Object(Config\Cache), false)
 7 FCPATH\index.php(67): CodeIgniter\CodeIgniter->run()
CRITICAL - 2022-08-10 14:27:38 --> Invalid file: pages/posts.php
in SYSTEMPATH\Exceptions\FrameworkException.php on line 33.
 1 SYSTEMPATH\View\View.php(201): CodeIgniter\Exceptions\FrameworkException::forInvalidFile('pages/posts.php')
 2 SYSTEMPATH\Common.php(1137): CodeIgniter\View\View->render('pages/posts', [], true)
 3 APPPATH\Controllers\Pages.php(22): view('pages/posts')
 4 SYSTEMPATH\CodeIgniter.php(898): App\Controllers\Pages->view('posts')
 5 SYSTEMPATH\CodeIgniter.php(457): CodeIgniter\CodeIgniter->runController(Object(App\Controllers\Pages))
 6 SYSTEMPATH\CodeIgniter.php(340): CodeIgniter\CodeIgniter->handleRequest(null, Object(Config\Cache), false)
 7 FCPATH\index.php(67): CodeIgniter\CodeIgniter->run()
CRITICAL - 2022-08-10 14:27:52 --> Invalid file: pages/posts.php
in SYSTEMPATH\Exceptions\FrameworkException.php on line 33.
 1 SYSTEMPATH\View\View.php(201): CodeIgniter\Exceptions\FrameworkException::forInvalidFile('pages/posts.php')
 2 SYSTEMPATH\Common.php(1137): CodeIgniter\View\View->render('pages/posts', [], true)
 3 APPPATH\Controllers\Pages.php(22): view('pages/posts')
 4 SYSTEMPATH\CodeIgniter.php(898): App\Controllers\Pages->view('posts')
 5 SYSTEMPATH\CodeIgniter.php(457): CodeIgniter\CodeIgniter->runController(Object(App\Controllers\Pages))
 6 SYSTEMPATH\CodeIgniter.php(340): CodeIgniter\CodeIgniter->handleRequest(null, Object(Config\Cache), false)
 7 FCPATH\index.php(67): CodeIgniter\CodeIgniter->run()
CRITICAL - 2022-08-10 14:31:21 --> Invalid file: pages/posts.php
in SYSTEMPATH\Exceptions\FrameworkException.php on line 33.
 1 SYSTEMPATH\View\View.php(201): CodeIgniter\Exceptions\FrameworkException::forInvalidFile('pages/posts.php')
 2 SYSTEMPATH\Common.php(1137): CodeIgniter\View\View->render('pages/posts', [], true)
 3 APPPATH\Controllers\Pages.php(22): view('pages/posts')
 4 SYSTEMPATH\CodeIgniter.php(898): App\Controllers\Pages->view('posts')
 5 SYSTEMPATH\CodeIgniter.php(457): CodeIgniter\CodeIgniter->runController(Object(App\Controllers\Pages))
 6 SYSTEMPATH\CodeIgniter.php(340): CodeIgniter\CodeIgniter->handleRequest(null, Object(Config\Cache), false)
 7 FCPATH\index.php(67): CodeIgniter\CodeIgniter->run()
CRITICAL - 2022-08-10 14:31:41 --> Invalid file: posts/indexhome.php
in SYSTEMPATH\Exceptions\FrameworkException.php on line 33.
 1 SYSTEMPATH\View\View.php(201): CodeIgniter\Exceptions\FrameworkException::forInvalidFile('posts/indexhome.php')
 2 SYSTEMPATH\Common.php(1137): CodeIgniter\View\View->render('posts/indexhome', [], true)
 3 APPPATH\Controllers\Posts.php(21): view('posts/indexhome')
 4 SYSTEMPATH\CodeIgniter.php(898): App\Controllers\Posts->view()
 5 SYSTEMPATH\CodeIgniter.php(457): CodeIgniter\CodeIgniter->runController(Object(App\Controllers\Posts))
 6 SYSTEMPATH\CodeIgniter.php(340): CodeIgniter\CodeIgniter->handleRequest(null, Object(Config\Cache), false)
 7 FCPATH\index.php(67): CodeIgniter\CodeIgniter->run()
CRITICAL - 2022-08-10 14:33:24 --> Array to string conversion
in APPPATH\Controllers\Posts.php on line 21.
 1 APPPATH\Controllers\Posts.php(21): CodeIgniter\Debug\Exceptions->errorHandler(2, 'Array to string conversion', 'APPPATH\\Controllers\\Posts.php', 21)
 2 SYSTEMPATH\CodeIgniter.php(898): App\Controllers\Posts->view()
 3 SYSTEMPATH\CodeIgniter.php(457): CodeIgniter\CodeIgniter->runController(Object(App\Controllers\Posts))
 4 SYSTEMPATH\CodeIgniter.php(340): CodeIgniter\CodeIgniter->handleRequest(null, Object(Config\Cache), false)
 5 FCPATH\index.php(67): CodeIgniter\CodeIgniter->run()
CRITICAL - 2022-08-10 14:36:03 --> Array to string conversion
in APPPATH\Controllers\Posts.php on line 21.
 1 APPPATH\Controllers\Posts.php(21): CodeIgniter\Debug\Exceptions->errorHandler(2, 'Array to string conversion', 'APPPATH\\Controllers\\Posts.php', 21)
 2 SYSTEMPATH\CodeIgniter.php(898): App\Controllers\Posts->view()
 3 SYSTEMPATH\CodeIgniter.php(457): CodeIgniter\CodeIgniter->runController(Object(App\Controllers\Posts))
 4 SYSTEMPATH\CodeIgniter.php(340): CodeIgniter\CodeIgniter->handleRequest(null, Object(Config\Cache), false)
 5 FCPATH\index.php(67): CodeIgniter\CodeIgniter->run()
CRITICAL - 2022-08-10 14:36:46 --> Invalid file: pages/$1.php
in SYSTEMPATH\Exceptions\FrameworkException.php on line 33.
 1 SYSTEMPATH\View\View.php(201): CodeIgniter\Exceptions\FrameworkException::forInvalidFile('pages/$1.php')
 2 SYSTEMPATH\Common.php(1137): CodeIgniter\View\View->render('pages/$1', [], true)
 3 APPPATH\Controllers\Pages.php(22): view('pages/$1')
 4 SYSTEMPATH\CodeIgniter.php(898): App\Controllers\Pages->view('$1')
 5 SYSTEMPATH\CodeIgniter.php(457): CodeIgniter\CodeIgniter->runController(Object(App\Controllers\Pages))
 6 SYSTEMPATH\CodeIgniter.php(340): CodeIgniter\CodeIgniter->handleRequest(null, Object(Config\Cache), false)
 7 FCPATH\index.php(67): CodeIgniter\CodeIgniter->run()
CRITICAL - 2022-08-10 14:37:17 --> Invalid file: pages/$1.php
in SYSTEMPATH\Exceptions\FrameworkException.php on line 33.
 1 SYSTEMPATH\View\View.php(201): CodeIgniter\Exceptions\FrameworkException::forInvalidFile('pages/$1.php')
 2 SYSTEMPATH\Common.php(1137): CodeIgniter\View\View->render('pages/$1', [], true)
 3 APPPATH\Controllers\Pages.php(22): view('pages/$1')
 4 SYSTEMPATH\CodeIgniter.php(898): App\Controllers\Pages->view('$1')
 5 SYSTEMPATH\CodeIgniter.php(457): CodeIgniter\CodeIgniter->runController(Object(App\Controllers\Pages))
 6 SYSTEMPATH\CodeIgniter.php(340): CodeIgniter\CodeIgniter->handleRequest(null, Object(Config\Cache), false)
 7 FCPATH\index.php(67): CodeIgniter\CodeIgniter->run()
CRITICAL - 2022-08-10 14:38:15 --> Invalid file: pages/$1.php
in SYSTEMPATH\Exceptions\FrameworkException.php on line 33.
 1 SYSTEMPATH\View\View.php(201): CodeIgniter\Exceptions\FrameworkException::forInvalidFile('pages/$1.php')
 2 SYSTEMPATH\Common.php(1137): CodeIgniter\View\View->render('pages/$1', [], true)
 3 APPPATH\Controllers\Pages.php(24): view('pages/$1')
 4 SYSTEMPATH\CodeIgniter.php(898): App\Controllers\Pages->view('$1')
 5 SYSTEMPATH\CodeIgniter.php(457): CodeIgniter\CodeIgniter->runController(Object(App\Controllers\Pages))
 6 SYSTEMPATH\CodeIgniter.php(340): CodeIgniter\CodeIgniter->handleRequest(null, Object(Config\Cache), false)
 7 FCPATH\index.php(67): CodeIgniter\CodeIgniter->run()
CRITICAL - 2022-08-10 14:40:23 --> Invalid file: pages/posts.php
in SYSTEMPATH\Exceptions\FrameworkException.php on line 33.
 1 SYSTEMPATH\View\View.php(201): CodeIgniter\Exceptions\FrameworkException::forInvalidFile('pages/posts.php')
 2 SYSTEMPATH\Common.php(1137): CodeIgniter\View\View->render('pages/posts', [], true)
 3 APPPATH\Controllers\Pages.php(24): view('pages/posts')
 4 SYSTEMPATH\CodeIgniter.php(898): App\Controllers\Pages->view('posts')
 5 SYSTEMPATH\CodeIgniter.php(457): CodeIgniter\CodeIgniter->runController(Object(App\Controllers\Pages))
 6 SYSTEMPATH\CodeIgniter.php(340): CodeIgniter\CodeIgniter->handleRequest(null, Object(Config\Cache), false)
 7 FCPATH\index.php(67): CodeIgniter\CodeIgniter->run()
CRITICAL - 2022-08-10 14:41:07 --> Array to string conversion
in APPPATH\Controllers\Posts.php on line 21.
 1 APPPATH\Controllers\Posts.php(21): CodeIgniter\Debug\Exceptions->errorHandler(2, 'Array to string conversion', 'APPPATH\\Controllers\\Posts.php', 21)
 2 SYSTEMPATH\CodeIgniter.php(898): App\Controllers\Posts->view()
 3 SYSTEMPATH\CodeIgniter.php(457): CodeIgniter\CodeIgniter->runController(Object(App\Controllers\Posts))
 4 SYSTEMPATH\CodeIgniter.php(340): CodeIgniter\CodeIgniter->handleRequest(null, Object(Config\Cache), false)
 5 FCPATH\index.php(67): CodeIgniter\CodeIgniter->run()
CRITICAL - 2022-08-10 14:43:43 --> Invalid file: pages/posts.php
in SYSTEMPATH\Exceptions\FrameworkException.php on line 33.
 1 SYSTEMPATH\View\View.php(201): CodeIgniter\Exceptions\FrameworkException::forInvalidFile('pages/posts.php')
 2 SYSTEMPATH\Common.php(1137): CodeIgniter\View\View->render('pages/posts', [], true)
 3 APPPATH\Controllers\Pages.php(24): view('pages/posts')
 4 SYSTEMPATH\CodeIgniter.php(898): App\Controllers\Pages->view('posts')
 5 SYSTEMPATH\CodeIgniter.php(457): CodeIgniter\CodeIgniter->runController(Object(App\Controllers\Pages))
 6 SYSTEMPATH\CodeIgniter.php(340): CodeIgniter\CodeIgniter->handleRequest(null, Object(Config\Cache), false)
 7 FCPATH\index.php(67): CodeIgniter\CodeIgniter->run()
CRITICAL - 2022-08-10 14:44:00 --> Invalid file: pages/posts.php
in SYSTEMPATH\Exceptions\FrameworkException.php on line 33.
 1 SYSTEMPATH\View\View.php(201): CodeIgniter\Exceptions\FrameworkException::forInvalidFile('pages/posts.php')
 2 SYSTEMPATH\Common.php(1137): CodeIgniter\View\View->render('pages/posts', [], true)
 3 APPPATH\Controllers\Pages.php(24): view('pages/posts')
 4 SYSTEMPATH\CodeIgniter.php(898): App\Controllers\Pages->view('posts')
 5 SYSTEMPATH\CodeIgniter.php(457): CodeIgniter\CodeIgniter->runController(Object(App\Controllers\Pages))
 6 SYSTEMPATH\CodeIgniter.php(340): CodeIgniter\CodeIgniter->handleRequest(null, Object(Config\Cache), false)
 7 FCPATH\index.php(67): CodeIgniter\CodeIgniter->run()
CRITICAL - 2022-08-10 14:44:46 --> Invalid file: pages/$1.php
in SYSTEMPATH\Exceptions\FrameworkException.php on line 33.
 1 SYSTEMPATH\View\View.php(201): CodeIgniter\Exceptions\FrameworkException::forInvalidFile('pages/$1.php')
 2 SYSTEMPATH\Common.php(1137): CodeIgniter\View\View->render('pages/$1', [], true)
 3 APPPATH\Controllers\Pages.php(24): view('pages/$1')
 4 SYSTEMPATH\CodeIgniter.php(898): App\Controllers\Pages->view('$1')
 5 SYSTEMPATH\CodeIgniter.php(457): CodeIgniter\CodeIgniter->runController(Object(App\Controllers\Pages))
 6 SYSTEMPATH\CodeIgniter.php(340): CodeIgniter\CodeIgniter->handleRequest(null, Object(Config\Cache), false)
 7 FCPATH\index.php(67): CodeIgniter\CodeIgniter->run()
CRITICAL - 2022-08-10 14:50:12 --> Undefined variable $url
in APPPATH\Views\pages\about.php on line 3.
 1 APPPATH\Views\pages\about.php(3): CodeIgniter\Debug\Exceptions->errorHandler(2, 'Undefined variable $url', 'APPPATH\\Views\\pages\\about.php', 3)
 2 SYSTEMPATH\View\View.php(213): include('APPPATH\\Views\\pages\\about.php')
 3 SYSTEMPATH\View\View.php(216): CodeIgniter\View\View->CodeIgniter\View\{closure}()
 4 SYSTEMPATH\Common.php(1137): CodeIgniter\View\View->render('pages/about', [], true)
 5 APPPATH\Controllers\Pages.php(24): view('pages/about')
 6 SYSTEMPATH\CodeIgniter.php(898): App\Controllers\Pages->view('about')
 7 SYSTEMPATH\CodeIgniter.php(457): CodeIgniter\CodeIgniter->runController(Object(App\Controllers\Pages))
 8 SYSTEMPATH\CodeIgniter.php(340): CodeIgniter\CodeIgniter->handleRequest(null, Object(Config\Cache), false)
 9 FCPATH\index.php(67): CodeIgniter\CodeIgniter->run()
CRITICAL - 2022-08-10 14:51:03 --> Invalid file: pages/$1.php
in SYSTEMPATH\Exceptions\FrameworkException.php on line 33.
 1 SYSTEMPATH\View\View.php(201): CodeIgniter\Exceptions\FrameworkException::forInvalidFile('pages/$1.php')
 2 SYSTEMPATH\Common.php(1137): CodeIgniter\View\View->render('pages/$1', [], true)
 3 APPPATH\Controllers\Pages.php(24): view('pages/$1')
 4 SYSTEMPATH\CodeIgniter.php(898): App\Controllers\Pages->view('$1')
 5 SYSTEMPATH\CodeIgniter.php(457): CodeIgniter\CodeIgniter->runController(Object(App\Controllers\Pages))
 6 SYSTEMPATH\CodeIgniter.php(340): CodeIgniter\CodeIgniter->handleRequest(null, Object(Config\Cache), false)
 7 FCPATH\index.php(67): CodeIgniter\CodeIgniter->run()
CRITICAL - 2022-08-10 15:17:01 --> Undefined property: App\Controllers\Posts::$Post_model
in APPPATH\Controllers\Posts.php on line 19.
 1 APPPATH\Controllers\Posts.php(19): CodeIgniter\Debug\Exceptions->errorHandler(2, 'Undefined property: App\\Controllers\\Posts::$Post_model', 'APPPATH\\Controllers\\Posts.php', 19)
 2 SYSTEMPATH\CodeIgniter.php(898): App\Controllers\Posts->view('index')
 3 SYSTEMPATH\CodeIgniter.php(457): CodeIgniter\CodeIgniter->runController(Object(App\Controllers\Posts))
 4 SYSTEMPATH\CodeIgniter.php(340): CodeIgniter\CodeIgniter->handleRequest(null, Object(Config\Cache), false)
 5 FCPATH\index.php(67): CodeIgniter\CodeIgniter->run()
CRITICAL - 2022-08-10 15:17:31 --> Undefined property: App\Controllers\Posts::$Post_model
in APPPATH\Controllers\Posts.php on line 19.
 1 APPPATH\Controllers\Posts.php(19): CodeIgniter\Debug\Exceptions->errorHandler(2, 'Undefined property: App\\Controllers\\Posts::$Post_model', 'APPPATH\\Controllers\\Posts.php', 19)
 2 SYSTEMPATH\CodeIgniter.php(898): App\Controllers\Posts->view('index')
 3 SYSTEMPATH\CodeIgniter.php(457): CodeIgniter\CodeIgniter->runController(Object(App\Controllers\Posts))
 4 SYSTEMPATH\CodeIgniter.php(340): CodeIgniter\CodeIgniter->handleRequest(null, Object(Config\Cache), false)
 5 FCPATH\index.php(67): CodeIgniter\CodeIgniter->run()
CRITICAL - 2022-08-10 15:17:40 --> Undefined property: App\Controllers\Posts::$Post_model
in APPPATH\Controllers\Posts.php on line 19.
 1 APPPATH\Controllers\Posts.php(19): CodeIgniter\Debug\Exceptions->errorHandler(2, 'Undefined property: App\\Controllers\\Posts::$Post_model', 'APPPATH\\Controllers\\Posts.php', 19)
 2 SYSTEMPATH\CodeIgniter.php(898): App\Controllers\Posts->view('index')
 3 SYSTEMPATH\CodeIgniter.php(457): CodeIgniter\CodeIgniter->runController(Object(App\Controllers\Posts))
 4 SYSTEMPATH\CodeIgniter.php(340): CodeIgniter\CodeIgniter->handleRequest(null, Object(Config\Cache), false)
 5 FCPATH\index.php(67): CodeIgniter\CodeIgniter->run()
CRITICAL - 2022-08-10 15:18:11 --> Undefined property: App\Controllers\Posts::$Post_model
in APPPATH\Controllers\Posts.php on line 19.
 1 APPPATH\Controllers\Posts.php(19): CodeIgniter\Debug\Exceptions->errorHandler(2, 'Undefined property: App\\Controllers\\Posts::$Post_model', 'APPPATH\\Controllers\\Posts.php', 19)
 2 SYSTEMPATH\CodeIgniter.php(898): App\Controllers\Posts->view('index')
 3 SYSTEMPATH\CodeIgniter.php(457): CodeIgniter\CodeIgniter->runController(Object(App\Controllers\Posts))
 4 SYSTEMPATH\CodeIgniter.php(340): CodeIgniter\CodeIgniter->handleRequest(null, Object(Config\Cache), false)
 5 FCPATH\index.php(67): CodeIgniter\CodeIgniter->run()
CRITICAL - 2022-08-10 15:19:14 --> Undefined property: App\Controllers\Posts::$Post_model
in APPPATH\Controllers\Posts.php on line 19.
 1 APPPATH\Controllers\Posts.php(19): CodeIgniter\Debug\Exceptions->errorHandler(2, 'Undefined property: App\\Controllers\\Posts::$Post_model', 'APPPATH\\Controllers\\Posts.php', 19)
 2 SYSTEMPATH\CodeIgniter.php(898): App\Controllers\Posts->view('index')
 3 SYSTEMPATH\CodeIgniter.php(457): CodeIgniter\CodeIgniter->runController(Object(App\Controllers\Posts))
 4 SYSTEMPATH\CodeIgniter.php(340): CodeIgniter\CodeIgniter->handleRequest(null, Object(Config\Cache), false)
 5 FCPATH\index.php(67): CodeIgniter\CodeIgniter->run()
CRITICAL - 2022-08-10 15:19:16 --> Undefined property: App\Controllers\Posts::$Post_model
in APPPATH\Controllers\Posts.php on line 19.
 1 APPPATH\Controllers\Posts.php(19): CodeIgniter\Debug\Exceptions->errorHandler(2, 'Undefined property: App\\Controllers\\Posts::$Post_model', 'APPPATH\\Controllers\\Posts.php', 19)
 2 SYSTEMPATH\CodeIgniter.php(898): App\Controllers\Posts->view('index')
 3 SYSTEMPATH\CodeIgniter.php(457): CodeIgniter\CodeIgniter->runController(Object(App\Controllers\Posts))
 4 SYSTEMPATH\CodeIgniter.php(340): CodeIgniter\CodeIgniter->handleRequest(null, Object(Config\Cache), false)
 5 FCPATH\index.php(67): CodeIgniter\CodeIgniter->run()
CRITICAL - 2022-08-10 15:20:08 --> Undefined property: App\Controllers\Posts::$Post_model
in APPPATH\Controllers\Posts.php on line 19.
 1 APPPATH\Controllers\Posts.php(19): CodeIgniter\Debug\Exceptions->errorHandler(2, 'Undefined property: App\\Controllers\\Posts::$Post_model', 'APPPATH\\Controllers\\Posts.php', 19)
 2 SYSTEMPATH\CodeIgniter.php(898): App\Controllers\Posts->view('index')
 3 SYSTEMPATH\CodeIgniter.php(457): CodeIgniter\CodeIgniter->runController(Object(App\Controllers\Posts))
 4 SYSTEMPATH\CodeIgniter.php(340): CodeIgniter\CodeIgniter->handleRequest(null, Object(Config\Cache), false)
 5 FCPATH\index.php(67): CodeIgniter\CodeIgniter->run()
CRITICAL - 2022-08-10 15:20:33 --> Undefined property: App\Controllers\Posts::$post_model
in APPPATH\Controllers\Posts.php on line 19.
 1 APPPATH\Controllers\Posts.php(19): CodeIgniter\Debug\Exceptions->errorHandler(2, 'Undefined property: App\\Controllers\\Posts::$post_model', 'APPPATH\\Controllers\\Posts.php', 19)
 2 SYSTEMPATH\CodeIgniter.php(898): App\Controllers\Posts->view('index')
 3 SYSTEMPATH\CodeIgniter.php(457): CodeIgniter\CodeIgniter->runController(Object(App\Controllers\Posts))
 4 SYSTEMPATH\CodeIgniter.php(340): CodeIgniter\CodeIgniter->handleRequest(null, Object(Config\Cache), false)
 5 FCPATH\index.php(67): CodeIgniter\CodeIgniter->run()
CRITICAL - 2022-08-10 15:20:34 --> Undefined property: App\Controllers\Posts::$post_model
in APPPATH\Controllers\Posts.php on line 19.
 1 APPPATH\Controllers\Posts.php(19): CodeIgniter\Debug\Exceptions->errorHandler(2, 'Undefined property: App\\Controllers\\Posts::$post_model', 'APPPATH\\Controllers\\Posts.php', 19)
 2 SYSTEMPATH\CodeIgniter.php(898): App\Controllers\Posts->view('index')
 3 SYSTEMPATH\CodeIgniter.php(457): CodeIgniter\CodeIgniter->runController(Object(App\Controllers\Posts))
 4 SYSTEMPATH\CodeIgniter.php(340): CodeIgniter\CodeIgniter->handleRequest(null, Object(Config\Cache), false)
 5 FCPATH\index.php(67): CodeIgniter\CodeIgniter->run()
CRITICAL - 2022-08-10 15:20:34 --> Undefined property: App\Controllers\Posts::$post_model
in APPPATH\Controllers\Posts.php on line 19.
 1 APPPATH\Controllers\Posts.php(19): CodeIgniter\Debug\Exceptions->errorHandler(2, 'Undefined property: App\\Controllers\\Posts::$post_model', 'APPPATH\\Controllers\\Posts.php', 19)
 2 SYSTEMPATH\CodeIgniter.php(898): App\Controllers\Posts->view('index')
 3 SYSTEMPATH\CodeIgniter.php(457): CodeIgniter\CodeIgniter->runController(Object(App\Controllers\Posts))
 4 SYSTEMPATH\CodeIgniter.php(340): CodeIgniter\CodeIgniter->handleRequest(null, Object(Config\Cache), false)
 5 FCPATH\index.php(67): CodeIgniter\CodeIgniter->run()
CRITICAL - 2022-08-10 15:20:35 --> Undefined property: App\Controllers\Posts::$post_model
in APPPATH\Controllers\Posts.php on line 19.
 1 APPPATH\Controllers\Posts.php(19): CodeIgniter\Debug\Exceptions->errorHandler(2, 'Undefined property: App\\Controllers\\Posts::$post_model', 'APPPATH\\Controllers\\Posts.php', 19)
 2 SYSTEMPATH\CodeIgniter.php(898): App\Controllers\Posts->view('index')
 3 SYSTEMPATH\CodeIgniter.php(457): CodeIgniter\CodeIgniter->runController(Object(App\Controllers\Posts))
 4 SYSTEMPATH\CodeIgniter.php(340): CodeIgniter\CodeIgniter->handleRequest(null, Object(Config\Cache), false)
 5 FCPATH\index.php(67): CodeIgniter\CodeIgniter->run()
CRITICAL - 2022-08-10 15:20:38 --> Undefined property: App\Controllers\Posts::$post_model
in APPPATH\Controllers\Posts.php on line 19.
 1 APPPATH\Controllers\Posts.php(19): CodeIgniter\Debug\Exceptions->errorHandler(2, 'Undefined property: App\\Controllers\\Posts::$post_model', 'APPPATH\\Controllers\\Posts.php', 19)
 2 SYSTEMPATH\CodeIgniter.php(898): App\Controllers\Posts->view('index')
 3 SYSTEMPATH\CodeIgniter.php(457): CodeIgniter\CodeIgniter->runController(Object(App\Controllers\Posts))
 4 SYSTEMPATH\CodeIgniter.php(340): CodeIgniter\CodeIgniter->handleRequest(null, Object(Config\Cache), false)
 5 FCPATH\index.php(67): CodeIgniter\CodeIgniter->run()
CRITICAL - 2022-08-10 15:24:20 --> Undefined property: App\Controllers\Posts::$post_model
in APPPATH\Controllers\Posts.php on line 13.
 1 APPPATH\Controllers\Posts.php(13): CodeIgniter\Debug\Exceptions->errorHandler(2, 'Undefined property: App\\Controllers\\Posts::$post_model', 'APPPATH\\Controllers\\Posts.php', 13)
 2 SYSTEMPATH\CodeIgniter.php(898): App\Controllers\Posts->view('index')
 3 SYSTEMPATH\CodeIgniter.php(457): CodeIgniter\CodeIgniter->runController(Object(App\Controllers\Posts))
 4 SYSTEMPATH\CodeIgniter.php(340): CodeIgniter\CodeIgniter->handleRequest(null, Object(Config\Cache), false)
 5 FCPATH\index.php(67): CodeIgniter\CodeIgniter->run()
CRITICAL - 2022-08-10 15:29:42 --> You must set the database table to be used with your query.
in SYSTEMPATH\Database\BaseConnection.php on line 872.
 1 SYSTEMPATH\Model.php(586): CodeIgniter\Database\BaseConnection->table(null)
 2 SYSTEMPATH\Model.php(734): CodeIgniter\Model->builder()
 3 APPPATH\Models\Post_model.php(10): CodeIgniter\Model->__get('load')
 4 SYSTEMPATH\Config\Factories.php(126): App\Models\Post_model->__construct(null)
 5 SYSTEMPATH\Config\Factories.php(83): CodeIgniter\Config\Factories::__callStatic('models', [...])
 6 SYSTEMPATH\Common.php(812): CodeIgniter\Config\Factories::models('App\\Models\\Post_model', [...], null)
 7 APPPATH\Controllers\Posts.php(16): model('App\\Models\\Post_model')
 8 SYSTEMPATH\CodeIgniter.php(898): App\Controllers\Posts->view('index')
 9 SYSTEMPATH\CodeIgniter.php(457): CodeIgniter\CodeIgniter->runController(Object(App\Controllers\Posts))
10 SYSTEMPATH\CodeIgniter.php(340): CodeIgniter\CodeIgniter->handleRequest(null, Object(Config\Cache), false)
11 FCPATH\index.php(67): CodeIgniter\CodeIgniter->run()
CRITICAL - 2022-08-10 15:29:59 --> You must set the database table to be used with your query.
in SYSTEMPATH\Database\BaseConnection.php on line 872.
 1 SYSTEMPATH\Model.php(586): CodeIgniter\Database\BaseConnection->table(null)
 2 SYSTEMPATH\Model.php(734): CodeIgniter\Model->builder()
 3 APPPATH\Models\Post_model.php(10): CodeIgniter\Model->__get('load')
 4 SYSTEMPATH\Config\Factories.php(126): App\Models\Post_model->__construct(null)
 5 SYSTEMPATH\Config\Factories.php(83): CodeIgniter\Config\Factories::__callStatic('models', [...])
 6 SYSTEMPATH\Common.php(812): CodeIgniter\Config\Factories::models('App\\Models\\Post_model', [...], null)
 7 APPPATH\Controllers\Posts.php(16): model('App\\Models\\Post_model')
 8 SYSTEMPATH\CodeIgniter.php(898): App\Controllers\Posts->view('index')
 9 SYSTEMPATH\CodeIgniter.php(457): CodeIgniter\CodeIgniter->runController(Object(App\Controllers\Posts))
10 SYSTEMPATH\CodeIgniter.php(340): CodeIgniter\CodeIgniter->handleRequest(null, Object(Config\Cache), false)
11 FCPATH\index.php(67): CodeIgniter\CodeIgniter->run()
CRITICAL - 2022-08-10 15:32:02 --> You must set the database table to be used with your query.
in SYSTEMPATH\Database\BaseConnection.php on line 872.
 1 SYSTEMPATH\Model.php(586): CodeIgniter\Database\BaseConnection->table(null)
 2 SYSTEMPATH\Model.php(734): CodeIgniter\Model->builder()
 3 APPPATH\Models\Post_model.php(10): CodeIgniter\Model->__get('load')
 4 SYSTEMPATH\Config\Factories.php(126): App\Models\Post_model->__construct(null)
 5 SYSTEMPATH\Config\Factories.php(83): CodeIgniter\Config\Factories::__callStatic('models', [...])
 6 SYSTEMPATH\Common.php(812): CodeIgniter\Config\Factories::models('App\\Models\\Post_model', [...], null)
 7 APPPATH\Controllers\Posts.php(16): model('App\\Models\\Post_model')
 8 SYSTEMPATH\CodeIgniter.php(898): App\Controllers\Posts->view('index')
 9 SYSTEMPATH\CodeIgniter.php(457): CodeIgniter\CodeIgniter->runController(Object(App\Controllers\Posts))
10 SYSTEMPATH\CodeIgniter.php(340): CodeIgniter\CodeIgniter->handleRequest(null, Object(Config\Cache), false)
11 FCPATH\index.php(67): CodeIgniter\CodeIgniter->run()
CRITICAL - 2022-08-10 15:35:37 --> You must set the database table to be used with your query.
in SYSTEMPATH\Database\BaseConnection.php on line 872.
 1 SYSTEMPATH\Model.php(586): CodeIgniter\Database\BaseConnection->table(null)
 2 SYSTEMPATH\Model.php(734): CodeIgniter\Model->builder()
 3 APPPATH\Models\Post_model.php(11): CodeIgniter\Model->__get('load')
 4 SYSTEMPATH\Config\Factories.php(126): App\Models\Post_model->__construct(null)
 5 SYSTEMPATH\Config\Factories.php(83): CodeIgniter\Config\Factories::__callStatic('models', [...])
 6 SYSTEMPATH\Common.php(812): CodeIgniter\Config\Factories::models('App\\Models\\Post_model', [...], null)
 7 APPPATH\Controllers\Posts.php(18): model('App\\Models\\Post_model')
 8 SYSTEMPATH\CodeIgniter.php(898): App\Controllers\Posts->view('index')
 9 SYSTEMPATH\CodeIgniter.php(457): CodeIgniter\CodeIgniter->runController(Object(App\Controllers\Posts))
10 SYSTEMPATH\CodeIgniter.php(340): CodeIgniter\CodeIgniter->handleRequest(null, Object(Config\Cache), false)
11 FCPATH\index.php(67): CodeIgniter\CodeIgniter->run()
CRITICAL - 2022-08-10 15:37:19 --> You must set the database table to be used with your query.
in SYSTEMPATH\Database\BaseConnection.php on line 872.
 1 SYSTEMPATH\Model.php(586): CodeIgniter\Database\BaseConnection->table(null)
 2 SYSTEMPATH\Model.php(734): CodeIgniter\Model->builder()
 3 APPPATH\Models\Post_model.php(11): CodeIgniter\Model->__get('load')
 4 SYSTEMPATH\Config\Factories.php(126): App\Models\Post_model->__construct(null)
 5 SYSTEMPATH\Config\Factories.php(83): CodeIgniter\Config\Factories::__callStatic('models', [...])
 6 SYSTEMPATH\Common.php(812): CodeIgniter\Config\Factories::models('App\\Models\\Post_model', [...], null)
 7 APPPATH\Controllers\Posts.php(18): model('App\\Models\\Post_model')
 8 SYSTEMPATH\CodeIgniter.php(898): App\Controllers\Posts->view('index')
 9 SYSTEMPATH\CodeIgniter.php(457): CodeIgniter\CodeIgniter->runController(Object(App\Controllers\Posts))
10 SYSTEMPATH\CodeIgniter.php(340): CodeIgniter\CodeIgniter->handleRequest(null, Object(Config\Cache), false)
11 FCPATH\index.php(67): CodeIgniter\CodeIgniter->run()
CRITICAL - 2022-08-10 15:38:41 --> You must set the database table to be used with your query.
in SYSTEMPATH\Database\BaseConnection.php on line 872.
 1 SYSTEMPATH\Model.php(586): CodeIgniter\Database\BaseConnection->table(null)
 2 SYSTEMPATH\Model.php(734): CodeIgniter\Model->builder()
 3 APPPATH\Models\Post_model.php(11): CodeIgniter\Model->__get('load')
 4 SYSTEMPATH\Config\Factories.php(126): App\Models\Post_model->__construct(null)
 5 SYSTEMPATH\Config\Factories.php(83): CodeIgniter\Config\Factories::__callStatic('models', [...])
 6 SYSTEMPATH\Common.php(812): CodeIgniter\Config\Factories::models('App\\Models\\Post_model', [...], null)
 7 APPPATH\Controllers\Posts.php(18): model('App\\Models\\Post_model')
 8 SYSTEMPATH\CodeIgniter.php(898): App\Controllers\Posts->view('index')
 9 SYSTEMPATH\CodeIgniter.php(457): CodeIgniter\CodeIgniter->runController(Object(App\Controllers\Posts))
10 SYSTEMPATH\CodeIgniter.php(340): CodeIgniter\CodeIgniter->handleRequest(null, Object(Config\Cache), false)
11 FCPATH\index.php(67): CodeIgniter\CodeIgniter->run()
CRITICAL - 2022-08-10 15:47:16 --> You must set the database table to be used with your query.
in SYSTEMPATH\Database\BaseConnection.php on line 872.
 1 SYSTEMPATH\Model.php(586): CodeIgniter\Database\BaseConnection->table(null)
 2 SYSTEMPATH\Model.php(734): CodeIgniter\Model->builder()
 3 APPPATH\Models\Post_model.php(11): CodeIgniter\Model->__get('load')
 4 SYSTEMPATH\Config\Factories.php(126): App\Models\Post_model->__construct(null)
 5 SYSTEMPATH\Config\Factories.php(83): CodeIgniter\Config\Factories::__callStatic('models', [...])
 6 SYSTEMPATH\Common.php(812): CodeIgniter\Config\Factories::models('App\\Models\\Post_model', [...], null)
 7 APPPATH\Controllers\Posts.php(18): model('App\\Models\\Post_model')
 8 SYSTEMPATH\CodeIgniter.php(898): App\Controllers\Posts->view('index')
 9 SYSTEMPATH\CodeIgniter.php(457): CodeIgniter\CodeIgniter->runController(Object(App\Controllers\Posts))
10 SYSTEMPATH\CodeIgniter.php(340): CodeIgniter\CodeIgniter->handleRequest(null, Object(Config\Cache), false)
11 FCPATH\index.php(67): CodeIgniter\CodeIgniter->run()
CRITICAL - 2022-08-10 15:47:17 --> You must set the database table to be used with your query.
in SYSTEMPATH\Database\BaseConnection.php on line 872.
 1 SYSTEMPATH\Model.php(586): CodeIgniter\Database\BaseConnection->table(null)
 2 SYSTEMPATH\Model.php(734): CodeIgniter\Model->builder()
 3 APPPATH\Models\Post_model.php(11): CodeIgniter\Model->__get('load')
 4 SYSTEMPATH\Config\Factories.php(126): App\Models\Post_model->__construct(null)
 5 SYSTEMPATH\Config\Factories.php(83): CodeIgniter\Config\Factories::__callStatic('models', [...])
 6 SYSTEMPATH\Common.php(812): CodeIgniter\Config\Factories::models('App\\Models\\Post_model', [...], null)
 7 APPPATH\Controllers\Posts.php(18): model('App\\Models\\Post_model')
 8 SYSTEMPATH\CodeIgniter.php(898): App\Controllers\Posts->view('index')
 9 SYSTEMPATH\CodeIgniter.php(457): CodeIgniter\CodeIgniter->runController(Object(App\Controllers\Posts))
10 SYSTEMPATH\CodeIgniter.php(340): CodeIgniter\CodeIgniter->handleRequest(null, Object(Config\Cache), false)
11 FCPATH\index.php(67): CodeIgniter\CodeIgniter->run()
CRITICAL - 2022-08-10 15:47:17 --> You must set the database table to be used with your query.
in SYSTEMPATH\Database\BaseConnection.php on line 872.
 1 SYSTEMPATH\Model.php(586): CodeIgniter\Database\BaseConnection->table(null)
 2 SYSTEMPATH\Model.php(734): CodeIgniter\Model->builder()
 3 APPPATH\Models\Post_model.php(11): CodeIgniter\Model->__get('load')
 4 SYSTEMPATH\Config\Factories.php(126): App\Models\Post_model->__construct(null)
 5 SYSTEMPATH\Config\Factories.php(83): CodeIgniter\Config\Factories::__callStatic('models', [...])
 6 SYSTEMPATH\Common.php(812): CodeIgniter\Config\Factories::models('App\\Models\\Post_model', [...], null)
 7 APPPATH\Controllers\Posts.php(18): model('App\\Models\\Post_model')
 8 SYSTEMPATH\CodeIgniter.php(898): App\Controllers\Posts->view('index')
 9 SYSTEMPATH\CodeIgniter.php(457): CodeIgniter\CodeIgniter->runController(Object(App\Controllers\Posts))
10 SYSTEMPATH\CodeIgniter.php(340): CodeIgniter\CodeIgniter->handleRequest(null, Object(Config\Cache), false)
11 FCPATH\index.php(67): CodeIgniter\CodeIgniter->run()
CRITICAL - 2022-08-10 15:47:17 --> You must set the database table to be used with your query.
in SYSTEMPATH\Database\BaseConnection.php on line 872.
 1 SYSTEMPATH\Model.php(586): CodeIgniter\Database\BaseConnection->table(null)
 2 SYSTEMPATH\Model.php(734): CodeIgniter\Model->builder()
 3 APPPATH\Models\Post_model.php(11): CodeIgniter\Model->__get('load')
 4 SYSTEMPATH\Config\Factories.php(126): App\Models\Post_model->__construct(null)
 5 SYSTEMPATH\Config\Factories.php(83): CodeIgniter\Config\Factories::__callStatic('models', [...])
 6 SYSTEMPATH\Common.php(812): CodeIgniter\Config\Factories::models('App\\Models\\Post_model', [...], null)
 7 APPPATH\Controllers\Posts.php(18): model('App\\Models\\Post_model')
 8 SYSTEMPATH\CodeIgniter.php(898): App\Controllers\Posts->view('index')
 9 SYSTEMPATH\CodeIgniter.php(457): CodeIgniter\CodeIgniter->runController(Object(App\Controllers\Posts))
10 SYSTEMPATH\CodeIgniter.php(340): CodeIgniter\CodeIgniter->handleRequest(null, Object(Config\Cache), false)
11 FCPATH\index.php(67): CodeIgniter\CodeIgniter->run()
CRITICAL - 2022-08-10 15:47:18 --> You must set the database table to be used with your query.
in SYSTEMPATH\Database\BaseConnection.php on line 872.
 1 SYSTEMPATH\Model.php(586): CodeIgniter\Database\BaseConnection->table(null)
 2 SYSTEMPATH\Model.php(734): CodeIgniter\Model->builder()
 3 APPPATH\Models\Post_model.php(11): CodeIgniter\Model->__get('load')
 4 SYSTEMPATH\Config\Factories.php(126): App\Models\Post_model->__construct(null)
 5 SYSTEMPATH\Config\Factories.php(83): CodeIgniter\Config\Factories::__callStatic('models', [...])
 6 SYSTEMPATH\Common.php(812): CodeIgniter\Config\Factories::models('App\\Models\\Post_model', [...], null)
 7 APPPATH\Controllers\Posts.php(18): model('App\\Models\\Post_model')
 8 SYSTEMPATH\CodeIgniter.php(898): App\Controllers\Posts->view('index')
 9 SYSTEMPATH\CodeIgniter.php(457): CodeIgniter\CodeIgniter->runController(Object(App\Controllers\Posts))
10 SYSTEMPATH\CodeIgniter.php(340): CodeIgniter\CodeIgniter->handleRequest(null, Object(Config\Cache), false)
11 FCPATH\index.php(67): CodeIgniter\CodeIgniter->run()
CRITICAL - 2022-08-10 15:47:18 --> You must set the database table to be used with your query.
in SYSTEMPATH\Database\BaseConnection.php on line 872.
 1 SYSTEMPATH\Model.php(586): CodeIgniter\Database\BaseConnection->table(null)
 2 SYSTEMPATH\Model.php(734): CodeIgniter\Model->builder()
 3 APPPATH\Models\Post_model.php(11): CodeIgniter\Model->__get('load')
 4 SYSTEMPATH\Config\Factories.php(126): App\Models\Post_model->__construct(null)
 5 SYSTEMPATH\Config\Factories.php(83): CodeIgniter\Config\Factories::__callStatic('models', [...])
 6 SYSTEMPATH\Common.php(812): CodeIgniter\Config\Factories::models('App\\Models\\Post_model', [...], null)
 7 APPPATH\Controllers\Posts.php(18): model('App\\Models\\Post_model')
 8 SYSTEMPATH\CodeIgniter.php(898): App\Controllers\Posts->view('index')
 9 SYSTEMPATH\CodeIgniter.php(457): CodeIgniter\CodeIgniter->runController(Object(App\Controllers\Posts))
10 SYSTEMPATH\CodeIgniter.php(340): CodeIgniter\CodeIgniter->handleRequest(null, Object(Config\Cache), false)
11 FCPATH\index.php(67): CodeIgniter\CodeIgniter->run()
CRITICAL - 2022-08-10 15:47:18 --> You must set the database table to be used with your query.
in SYSTEMPATH\Database\BaseConnection.php on line 872.
 1 SYSTEMPATH\Model.php(586): CodeIgniter\Database\BaseConnection->table(null)
 2 SYSTEMPATH\Model.php(734): CodeIgniter\Model->builder()
 3 APPPATH\Models\Post_model.php(11): CodeIgniter\Model->__get('load')
 4 SYSTEMPATH\Config\Factories.php(126): App\Models\Post_model->__construct(null)
 5 SYSTEMPATH\Config\Factories.php(83): CodeIgniter\Config\Factories::__callStatic('models', [...])
 6 SYSTEMPATH\Common.php(812): CodeIgniter\Config\Factories::models('App\\Models\\Post_model', [...], null)
 7 APPPATH\Controllers\Posts.php(18): model('App\\Models\\Post_model')
 8 SYSTEMPATH\CodeIgniter.php(898): App\Controllers\Posts->view('index')
 9 SYSTEMPATH\CodeIgniter.php(457): CodeIgniter\CodeIgniter->runController(Object(App\Controllers\Posts))
10 SYSTEMPATH\CodeIgniter.php(340): CodeIgniter\CodeIgniter->handleRequest(null, Object(Config\Cache), false)
11 FCPATH\index.php(67): CodeIgniter\CodeIgniter->run()
CRITICAL - 2022-08-10 15:47:18 --> You must set the database table to be used with your query.
in SYSTEMPATH\Database\BaseConnection.php on line 872.
 1 SYSTEMPATH\Model.php(586): CodeIgniter\Database\BaseConnection->table(null)
 2 SYSTEMPATH\Model.php(734): CodeIgniter\Model->builder()
 3 APPPATH\Models\Post_model.php(11): CodeIgniter\Model->__get('load')
 4 SYSTEMPATH\Config\Factories.php(126): App\Models\Post_model->__construct(null)
 5 SYSTEMPATH\Config\Factories.php(83): CodeIgniter\Config\Factories::__callStatic('models', [...])
 6 SYSTEMPATH\Common.php(812): CodeIgniter\Config\Factories::models('App\\Models\\Post_model', [...], null)
 7 APPPATH\Controllers\Posts.php(18): model('App\\Models\\Post_model')
 8 SYSTEMPATH\CodeIgniter.php(898): App\Controllers\Posts->view('index')
 9 SYSTEMPATH\CodeIgniter.php(457): CodeIgniter\CodeIgniter->runController(Object(App\Controllers\Posts))
10 SYSTEMPATH\CodeIgniter.php(340): CodeIgniter\CodeIgniter->handleRequest(null, Object(Config\Cache), false)
11 FCPATH\index.php(67): CodeIgniter\CodeIgniter->run()
CRITICAL - 2022-08-10 15:47:18 --> You must set the database table to be used with your query.
in SYSTEMPATH\Database\BaseConnection.php on line 872.
 1 SYSTEMPATH\Model.php(586): CodeIgniter\Database\BaseConnection->table(null)
 2 SYSTEMPATH\Model.php(734): CodeIgniter\Model->builder()
 3 APPPATH\Models\Post_model.php(11): CodeIgniter\Model->__get('load')
 4 SYSTEMPATH\Config\Factories.php(126): App\Models\Post_model->__construct(null)
 5 SYSTEMPATH\Config\Factories.php(83): CodeIgniter\Config\Factories::__callStatic('models', [...])
 6 SYSTEMPATH\Common.php(812): CodeIgniter\Config\Factories::models('App\\Models\\Post_model', [...], null)
 7 APPPATH\Controllers\Posts.php(18): model('App\\Models\\Post_model')
 8 SYSTEMPATH\CodeIgniter.php(898): App\Controllers\Posts->view('index')
 9 SYSTEMPATH\CodeIgniter.php(457): CodeIgniter\CodeIgniter->runController(Object(App\Controllers\Posts))
10 SYSTEMPATH\CodeIgniter.php(340): CodeIgniter\CodeIgniter->handleRequest(null, Object(Config\Cache), false)
11 FCPATH\index.php(67): CodeIgniter\CodeIgniter->run()
CRITICAL - 2022-08-10 15:47:18 --> You must set the database table to be used with your query.
in SYSTEMPATH\Database\BaseConnection.php on line 872.
 1 SYSTEMPATH\Model.php(586): CodeIgniter\Database\BaseConnection->table(null)
 2 SYSTEMPATH\Model.php(734): CodeIgniter\Model->builder()
 3 APPPATH\Models\Post_model.php(11): CodeIgniter\Model->__get('load')
 4 SYSTEMPATH\Config\Factories.php(126): App\Models\Post_model->__construct(null)
 5 SYSTEMPATH\Config\Factories.php(83): CodeIgniter\Config\Factories::__callStatic('models', [...])
 6 SYSTEMPATH\Common.php(812): CodeIgniter\Config\Factories::models('App\\Models\\Post_model', [...], null)
 7 APPPATH\Controllers\Posts.php(18): model('App\\Models\\Post_model')
 8 SYSTEMPATH\CodeIgniter.php(898): App\Controllers\Posts->view('index')
 9 SYSTEMPATH\CodeIgniter.php(457): CodeIgniter\CodeIgniter->runController(Object(App\Controllers\Posts))
10 SYSTEMPATH\CodeIgniter.php(340): CodeIgniter\CodeIgniter->handleRequest(null, Object(Config\Cache), false)
11 FCPATH\index.php(67): CodeIgniter\CodeIgniter->run()
CRITICAL - 2022-08-10 15:49:22 --> Call to a member function database() on null
in APPPATH\Models\Post_model.php on line 12.
 1 SYSTEMPATH\Config\Factories.php(126): App\Models\Post_model->__construct(null)
 2 SYSTEMPATH\Config\Factories.php(83): CodeIgniter\Config\Factories::__callStatic('models', [...])
 3 SYSTEMPATH\Common.php(812): CodeIgniter\Config\Factories::models('App\\Models\\Post_model', [...], null)
 4 APPPATH\Controllers\Posts.php(18): model('App\\Models\\Post_model')
 5 SYSTEMPATH\CodeIgniter.php(898): App\Controllers\Posts->view('index')
 6 SYSTEMPATH\CodeIgniter.php(457): CodeIgniter\CodeIgniter->runController(Object(App\Controllers\Posts))
 7 SYSTEMPATH\CodeIgniter.php(340): CodeIgniter\CodeIgniter->handleRequest(null, Object(Config\Cache), false)
 8 FCPATH\index.php(67): CodeIgniter\CodeIgniter->run()
CRITICAL - 2022-08-10 15:49:33 --> Call to a member function database() on null
in APPPATH\Models\Post_model.php on line 12.
 1 SYSTEMPATH\Config\Factories.php(126): App\Models\Post_model->__construct(null)
 2 SYSTEMPATH\Config\Factories.php(83): CodeIgniter\Config\Factories::__callStatic('models', [...])
 3 SYSTEMPATH\Common.php(812): CodeIgniter\Config\Factories::models('App\\Models\\Post_model', [...], null)
 4 APPPATH\Controllers\Posts.php(18): model('App\\Models\\Post_model')
 5 SYSTEMPATH\CodeIgniter.php(898): App\Controllers\Posts->view('index')
 6 SYSTEMPATH\CodeIgniter.php(457): CodeIgniter\CodeIgniter->runController(Object(App\Controllers\Posts))
 7 SYSTEMPATH\CodeIgniter.php(340): CodeIgniter\CodeIgniter->handleRequest(null, Object(Config\Cache), false)
 8 FCPATH\index.php(67): CodeIgniter\CodeIgniter->run()
ERROR - 2022-08-10 15:49:37 --> Error connecting to the database: mysqli_sql_exception: Access denied for user 'root'@'localhost' (using password: YES) in C:\xampp\htdocs\proekt\system\Database\MySQLi\Connection.php:171
Stack trace:
#0 C:\xampp\htdocs\proekt\system\Database\MySQLi\Connection.php(171): mysqli->real_connect('p:localhost', 'root', 'root', 'sys3', 3306, '', 0)
#1 C:\xampp\htdocs\proekt\system\Database\BaseConnection.php(382): CodeIgniter\Database\MySQLi\Connection->connect(true)
#2 C:\xampp\htdocs\proekt\system\Database\BaseConnection.php(588): CodeIgniter\Database\BaseConnection->initialize()
#3 C:\xampp\htdocs\proekt\system\Database\BaseBuilder.php(1585): CodeIgniter\Database\BaseConnection->query('SELECT *\nFROM `...', Array, false)
#4 C:\xampp\htdocs\proekt\system\Model.php(249): CodeIgniter\Database\BaseBuilder->get()
#5 C:\xampp\htdocs\proekt\system\BaseModel.php(622): CodeIgniter\Model->doFirst()
#6 C:\xampp\htdocs\proekt\app\Models\Post_model.php(23): CodeIgniter\BaseModel->first()
#7 C:\xampp\htdocs\proekt\app\Controllers\Posts.php(20): App\Models\Post_model->get_posts('index')
#8 C:\xampp\htdocs\proekt\system\CodeIgniter.php(898): App\Controllers\Posts->view('index')
#9 C:\xampp\htdocs\proekt\system\CodeIgniter.php(457): CodeIgniter\CodeIgniter->runController(Object(App\Controllers\Posts))
#10 C:\xampp\htdocs\proekt\system\CodeIgniter.php(340): CodeIgniter\CodeIgniter->handleRequest(NULL, Object(Config\Cache), false)
#11 C:\xampp\htdocs\proekt\public\index.php(67): CodeIgniter\CodeIgniter->run()
#12 {main}

Next CodeIgniter\Database\Exceptions\DatabaseException: Access denied for user '****'@'localhost' (using password: YES) in C:\xampp\htdocs\proekt\system\Database\MySQLi\Connection.php:215
Stack trace:
#0 C:\xampp\htdocs\proekt\system\Database\BaseConnection.php(382): CodeIgniter\Database\MySQLi\Connection->connect(true)
#1 C:\xampp\htdocs\proekt\system\Database\BaseConnection.php(588): CodeIgniter\Database\BaseConnection->initialize()
#2 C:\xampp\htdocs\proekt\system\Database\BaseBuilder.php(1585): CodeIgniter\Database\BaseConnection->query('SELECT *\nFROM `...', Array, false)
#3 C:\xampp\htdocs\proekt\system\Model.php(249): CodeIgniter\Database\BaseBuilder->get()
#4 C:\xampp\htdocs\proekt\system\BaseModel.php(622): CodeIgniter\Model->doFirst()
#5 C:\xampp\htdocs\proekt\app\Models\Post_model.php(23): CodeIgniter\BaseModel->first()
#6 C:\xampp\htdocs\proekt\app\Controllers\Posts.php(20): App\Models\Post_model->get_posts('index')
#7 C:\xampp\htdocs\proekt\system\CodeIgniter.php(898): App\Controllers\Posts->view('index')
#8 C:\xampp\htdocs\proekt\system\CodeIgniter.php(457): CodeIgniter\CodeIgniter->runController(Object(App\Controllers\Posts))
#9 C:\xampp\htdocs\proekt\system\CodeIgniter.php(340): CodeIgniter\CodeIgniter->handleRequest(NULL, Object(Config\Cache), false)
#10 C:\xampp\htdocs\proekt\public\index.php(67): CodeIgniter\CodeIgniter->run()
#11 {main}
CRITICAL - 2022-08-10 15:49:37 --> Unable to connect to the database.
Main connection [MySQLi]: Access denied for user '****'@'localhost' (using password: YES)
in SYSTEMPATH\Database\BaseConnection.php on line 418.
 1 SYSTEMPATH\Database\BaseConnection.php(588): CodeIgniter\Database\BaseConnection->initialize()
 2 SYSTEMPATH\Database\BaseBuilder.php(1585): CodeIgniter\Database\BaseConnection->query('SELECT *
FROM `posts`
WHERE `slug` = :slug:
 LIMIT 1', [...], false)
 3 SYSTEMPATH\Model.php(249): CodeIgniter\Database\BaseBuilder->get()
 4 SYSTEMPATH\BaseModel.php(622): CodeIgniter\Model->doFirst()
 5 APPPATH\Models\Post_model.php(23): CodeIgniter\BaseModel->first()
 6 APPPATH\Controllers\Posts.php(20): App\Models\Post_model->get_posts('index')
 7 SYSTEMPATH\CodeIgniter.php(898): App\Controllers\Posts->view('index')
 8 SYSTEMPATH\CodeIgniter.php(457): CodeIgniter\CodeIgniter->runController(Object(App\Controllers\Posts))
 9 SYSTEMPATH\CodeIgniter.php(340): CodeIgniter\CodeIgniter->handleRequest(null, Object(Config\Cache), false)
10 FCPATH\index.php(67): CodeIgniter\CodeIgniter->run()
CRITICAL - 2022-08-10 17:46:44 --> Call to a member function database() on null
in APPPATH\Models\Post_model.php on line 12.
 1 SYSTEMPATH\Config\Factories.php(126): App\Models\Post_model->__construct(null)
 2 SYSTEMPATH\Config\Factories.php(83): CodeIgniter\Config\Factories::__callStatic('models', [...])
 3 SYSTEMPATH\Common.php(812): CodeIgniter\Config\Factories::models('App\\Models\\Post_model', [...], null)
 4 APPPATH\Controllers\Posts.php(18): model('App\\Models\\Post_model')
 5 SYSTEMPATH\CodeIgniter.php(898): App\Controllers\Posts->view('index')
 6 SYSTEMPATH\CodeIgniter.php(457): CodeIgniter\CodeIgniter->runController(Object(App\Controllers\Posts))
 7 SYSTEMPATH\CodeIgniter.php(340): CodeIgniter\CodeIgniter->handleRequest(null, Object(Config\Cache), false)
 8 FCPATH\index.php(67): CodeIgniter\CodeIgniter->run()
CRITICAL - 2022-08-10 18:06:29 --> Undefined array key "timestamps"
in APPPATH\Views\posts\index.php on line 8.
 1 APPPATH\Views\posts\index.php(8): CodeIgniter\Debug\Exceptions->errorHandler(2, 'Undefined array key "timestamps"', 'APPPATH\\Views\\posts\\index.php', 8)
 2 SYSTEMPATH\View\View.php(213): include('APPPATH\\Views\\posts\\index.php')
 3 SYSTEMPATH\View\View.php(216): CodeIgniter\View\View->CodeIgniter\View\{closure}()
 4 SYSTEMPATH\Common.php(1137): CodeIgniter\View\View->render('posts/index', [], true)
 5 APPPATH\Controllers\Posts.php(18): view('posts/index', [...])
 6 SYSTEMPATH\CodeIgniter.php(898): App\Controllers\Posts->index('index')
 7 SYSTEMPATH\CodeIgniter.php(457): CodeIgniter\CodeIgniter->runController(Object(App\Controllers\Posts))
 8 SYSTEMPATH\CodeIgniter.php(340): CodeIgniter\CodeIgniter->handleRequest(null, Object(Config\Cache), false)
 9 FCPATH\index.php(67): CodeIgniter\CodeIgniter->run()
CRITICAL - 2022-08-10 18:06:36 --> Undefined array key "timestamp"
in APPPATH\Views\posts\index.php on line 8.
 1 APPPATH\Views\posts\index.php(8): CodeIgniter\Debug\Exceptions->errorHandler(2, 'Undefined array key "timestamp"', 'APPPATH\\Views\\posts\\index.php', 8)
 2 SYSTEMPATH\View\View.php(213): include('APPPATH\\Views\\posts\\index.php')
 3 SYSTEMPATH\View\View.php(216): CodeIgniter\View\View->CodeIgniter\View\{closure}()
 4 SYSTEMPATH\Common.php(1137): CodeIgniter\View\View->render('posts/index', [], true)
 5 APPPATH\Controllers\Posts.php(18): view('posts/index', [...])
 6 SYSTEMPATH\CodeIgniter.php(898): App\Controllers\Posts->index('index')
 7 SYSTEMPATH\CodeIgniter.php(457): CodeIgniter\CodeIgniter->runController(Object(App\Controllers\Posts))
 8 SYSTEMPATH\CodeIgniter.php(340): CodeIgniter\CodeIgniter->handleRequest(null, Object(Config\Cache), false)
 9 FCPATH\index.php(67): CodeIgniter\CodeIgniter->run()
CRITICAL - 2022-08-10 18:36:36 --> Undefined variable $post
in APPPATH\Views\posts\view.php on line 1.
 1 APPPATH\Views\posts\view.php(1): CodeIgniter\Debug\Exceptions->errorHandler(2, 'Undefined variable $post', 'APPPATH\\Views\\posts\\view.php', 1)
 2 SYSTEMPATH\View\View.php(213): include('APPPATH\\Views\\posts\\view.php')
 3 SYSTEMPATH\View\View.php(216): CodeIgniter\View\View->CodeIgniter\View\{closure}()
 4 SYSTEMPATH\Common.php(1137): CodeIgniter\View\View->render('posts/view', [], true)
 5 APPPATH\Controllers\Posts.php(35): view('posts/view', [...])
 6 SYSTEMPATH\CodeIgniter.php(898): App\Controllers\Posts->view('post-one')
 7 SYSTEMPATH\CodeIgniter.php(457): CodeIgniter\CodeIgniter->runController(Object(App\Controllers\Posts))
 8 SYSTEMPATH\CodeIgniter.php(340): CodeIgniter\CodeIgniter->handleRequest(null, Object(Config\Cache), false)
 9 FCPATH\index.php(67): CodeIgniter\CodeIgniter->run()
