CRITICAL - 2022-08-12 12:49:59 --> Namespace declaration statement has to be the very first statement or after any declare call in the script
in APPPATH\Models\Post_model.php on line 4.
 1 [internal function]: CodeIgniter\Debug\Exceptions->shutdownHandler()
CRITICAL - 2022-08-12 12:53:25 --> Call to undefined method App\Models\Post_model::getPosts
in SYSTEMPATH\Model.php on line 773.
 1 APPPATH\Controllers\Posts.php(14): CodeIgniter\Model->__call('getPosts', [])
 2 SYSTEMPATH\CodeIgniter.php(898): App\Controllers\Posts->index('index')
 3 SYSTEMPATH\CodeIgniter.php(457): CodeIgniter\CodeIgniter->runController(Object(App\Controllers\Posts))
 4 SYSTEMPATH\CodeIgniter.php(340): CodeIgniter\CodeIgniter->handleRequest(null, Object(Config\Cache), false)
 5 FCPATH\index.php(67): CodeIgniter\CodeIgniter->run()
CRITICAL - 2022-08-12 12:53:53 --> Assignments can only happen to writable values
in APPPATH\Controllers\Posts.php on line 15.
 1 [internal function]: CodeIgniter\Debug\Exceptions->shutdownHandler()
CRITICAL - 2022-08-12 12:54:08 --> Call to undefined method App\Models\Post_model::getPosts
in SYSTEMPATH\Model.php on line 773.
 1 APPPATH\Controllers\Posts.php(15): CodeIgniter\Model->__call('getPosts', [])
 2 SYSTEMPATH\CodeIgniter.php(898): App\Controllers\Posts->index('index')
 3 SYSTEMPATH\CodeIgniter.php(457): CodeIgniter\CodeIgniter->runController(Object(App\Controllers\Posts))
 4 SYSTEMPATH\CodeIgniter.php(340): CodeIgniter\CodeIgniter->handleRequest(null, Object(Config\Cache), false)
 5 FCPATH\index.php(67): CodeIgniter\CodeIgniter->run()
CRITICAL - 2022-08-12 13:04:03 --> Undefined variable $posts
in APPPATH\Views\posts\index.php on line 22.
 1 APPPATH\Views\posts\index.php(22): CodeIgniter\Debug\Exceptions->errorHandler(2, 'Undefined variable $posts', 'APPPATH\\Views\\posts\\index.php', 22)
 2 SYSTEMPATH\View\View.php(213): include('APPPATH\\Views\\posts\\index.php')
 3 SYSTEMPATH\View\View.php(216): CodeIgniter\View\View->CodeIgniter\View\{closure}()
 4 SYSTEMPATH\Common.php(1137): CodeIgniter\View\View->render('posts/index', [], true)
 5 APPPATH\Controllers\Posts.php(18): view('posts/index', [...])
 6 SYSTEMPATH\CodeIgniter.php(898): App\Controllers\Posts->index('index')
 7 SYSTEMPATH\CodeIgniter.php(457): CodeIgniter\CodeIgniter->runController(Object(App\Controllers\Posts))
 8 SYSTEMPATH\CodeIgniter.php(340): CodeIgniter\CodeIgniter->handleRequest(null, Object(Config\Cache), false)
 9 FCPATH\index.php(67): CodeIgniter\CodeIgniter->run()
CRITICAL - 2022-08-12 13:20:30 --> Allowed fields must be specified for model: App\Models\Post_model
in SYSTEMPATH\BaseModel.php on line 1139.
 1 SYSTEMPATH\BaseModel.php(1139): CodeIgniter\Database\Exceptions\DataException::forInvalidAllowedFields('App\\Models\\Post_model')
 2 SYSTEMPATH\BaseModel.php(713): CodeIgniter\BaseModel->doProtectFields([...])
 3 SYSTEMPATH\Model.php(666): CodeIgniter\BaseModel->insert([...], false)
 4 SYSTEMPATH\BaseModel.php(658): CodeIgniter\Model->insert([...], false)
 5 APPPATH\Controllers\Posts.php(55): CodeIgniter\BaseModel->save([...])
 6 SYSTEMPATH\CodeIgniter.php(898): App\Controllers\Posts->create_post()
 7 SYSTEMPATH\CodeIgniter.php(457): CodeIgniter\CodeIgniter->runController(Object(App\Controllers\Posts))
 8 SYSTEMPATH\CodeIgniter.php(340): CodeIgniter\CodeIgniter->handleRequest(null, Object(Config\Cache), false)
 9 FCPATH\index.php(67): CodeIgniter\CodeIgniter->run()
ERROR - 2022-08-12 13:21:51 --> mysqli_sql_exception: Unknown column 'discription' in 'field list' in C:\xampp\htdocs\proekt\system\Database\MySQLi\Connection.php:292
Stack trace:
#0 C:\xampp\htdocs\proekt\system\Database\MySQLi\Connection.php(292): mysqli->query('INSERT INTO `po...', 0)
#1 C:\xampp\htdocs\proekt\system\Database\BaseConnection.php(693): CodeIgniter\Database\MySQLi\Connection->execute('INSERT INTO `po...')
#2 C:\xampp\htdocs\proekt\system\Database\BaseConnection.php(620): CodeIgniter\Database\BaseConnection->simpleQuery('INSERT INTO `po...')
#3 C:\xampp\htdocs\proekt\system\Database\BaseBuilder.php(1916): CodeIgniter\Database\BaseConnection->query('INSERT INTO `po...', Array, false)
#4 C:\xampp\htdocs\proekt\system\Model.php(278): CodeIgniter\Database\BaseBuilder->insert()
#5 C:\xampp\htdocs\proekt\system\BaseModel.php(738): CodeIgniter\Model->doInsert(Array)
#6 C:\xampp\htdocs\proekt\system\Model.php(666): CodeIgniter\BaseModel->insert(Array, false)
#7 C:\xampp\htdocs\proekt\system\BaseModel.php(658): CodeIgniter\Model->insert(Array, false)
#8 C:\xampp\htdocs\proekt\app\Controllers\Posts.php(55): CodeIgniter\BaseModel->save(Array)
#9 C:\xampp\htdocs\proekt\system\CodeIgniter.php(898): App\Controllers\Posts->create_post()
#10 C:\xampp\htdocs\proekt\system\CodeIgniter.php(457): CodeIgniter\CodeIgniter->runController(Object(App\Controllers\Posts))
#11 C:\xampp\htdocs\proekt\system\CodeIgniter.php(340): CodeIgniter\CodeIgniter->handleRequest(NULL, Object(Config\Cache), false)
#12 C:\xampp\htdocs\proekt\public\index.php(67): CodeIgniter\CodeIgniter->run()
#13 {main}
ERROR - 2022-08-12 13:22:59 --> mysqli_sql_exception: Unknown column 'discription' in 'field list' in C:\xampp\htdocs\proekt\system\Database\MySQLi\Connection.php:292
Stack trace:
#0 C:\xampp\htdocs\proekt\system\Database\MySQLi\Connection.php(292): mysqli->query('INSERT INTO `po...', 0)
#1 C:\xampp\htdocs\proekt\system\Database\BaseConnection.php(693): CodeIgniter\Database\MySQLi\Connection->execute('INSERT INTO `po...')
#2 C:\xampp\htdocs\proekt\system\Database\BaseConnection.php(620): CodeIgniter\Database\BaseConnection->simpleQuery('INSERT INTO `po...')
#3 C:\xampp\htdocs\proekt\system\Database\BaseBuilder.php(1916): CodeIgniter\Database\BaseConnection->query('INSERT INTO `po...', Array, false)
#4 C:\xampp\htdocs\proekt\system\Model.php(278): CodeIgniter\Database\BaseBuilder->insert()
#5 C:\xampp\htdocs\proekt\system\BaseModel.php(738): CodeIgniter\Model->doInsert(Array)
#6 C:\xampp\htdocs\proekt\system\Model.php(666): CodeIgniter\BaseModel->insert(Array, false)
#7 C:\xampp\htdocs\proekt\system\BaseModel.php(658): CodeIgniter\Model->insert(Array, false)
#8 C:\xampp\htdocs\proekt\app\Controllers\Posts.php(55): CodeIgniter\BaseModel->save(Array)
#9 C:\xampp\htdocs\proekt\system\CodeIgniter.php(898): App\Controllers\Posts->create_post()
#10 C:\xampp\htdocs\proekt\system\CodeIgniter.php(457): CodeIgniter\CodeIgniter->runController(Object(App\Controllers\Posts))
#11 C:\xampp\htdocs\proekt\system\CodeIgniter.php(340): CodeIgniter\CodeIgniter->handleRequest(NULL, Object(Config\Cache), false)
#12 C:\xampp\htdocs\proekt\public\index.php(67): CodeIgniter\CodeIgniter->run()
#13 {main}
ERROR - 2022-08-12 13:29:32 --> mysqli_sql_exception: Unknown column 'discription' in 'field list' in C:\xampp\htdocs\proekt\system\Database\MySQLi\Connection.php:292
Stack trace:
#0 C:\xampp\htdocs\proekt\system\Database\MySQLi\Connection.php(292): mysqli->query('INSERT INTO `po...', 0)
#1 C:\xampp\htdocs\proekt\system\Database\BaseConnection.php(693): CodeIgniter\Database\MySQLi\Connection->execute('INSERT INTO `po...')
#2 C:\xampp\htdocs\proekt\system\Database\BaseConnection.php(620): CodeIgniter\Database\BaseConnection->simpleQuery('INSERT INTO `po...')
#3 C:\xampp\htdocs\proekt\system\Database\BaseBuilder.php(1916): CodeIgniter\Database\BaseConnection->query('INSERT INTO `po...', Array, false)
#4 C:\xampp\htdocs\proekt\system\Model.php(278): CodeIgniter\Database\BaseBuilder->insert()
#5 C:\xampp\htdocs\proekt\system\BaseModel.php(738): CodeIgniter\Model->doInsert(Array)
#6 C:\xampp\htdocs\proekt\system\Model.php(666): CodeIgniter\BaseModel->insert(Array, false)
#7 C:\xampp\htdocs\proekt\system\BaseModel.php(658): CodeIgniter\Model->insert(Array, false)
#8 C:\xampp\htdocs\proekt\app\Controllers\Posts.php(56): CodeIgniter\BaseModel->save(Array)
#9 C:\xampp\htdocs\proekt\system\CodeIgniter.php(898): App\Controllers\Posts->create_post()
#10 C:\xampp\htdocs\proekt\system\CodeIgniter.php(457): CodeIgniter\CodeIgniter->runController(Object(App\Controllers\Posts))
#11 C:\xampp\htdocs\proekt\system\CodeIgniter.php(340): CodeIgniter\CodeIgniter->handleRequest(NULL, Object(Config\Cache), false)
#12 C:\xampp\htdocs\proekt\public\index.php(67): CodeIgniter\CodeIgniter->run()
#13 {main}
ERROR - 2022-08-12 13:32:09 --> mysqli_sql_exception: Unknown column 'discription' in 'field list' in C:\xampp\htdocs\proekt\system\Database\MySQLi\Connection.php:292
Stack trace:
#0 C:\xampp\htdocs\proekt\system\Database\MySQLi\Connection.php(292): mysqli->query('INSERT INTO `po...', 0)
#1 C:\xampp\htdocs\proekt\system\Database\BaseConnection.php(693): CodeIgniter\Database\MySQLi\Connection->execute('INSERT INTO `po...')
#2 C:\xampp\htdocs\proekt\system\Database\BaseConnection.php(620): CodeIgniter\Database\BaseConnection->simpleQuery('INSERT INTO `po...')
#3 C:\xampp\htdocs\proekt\system\Database\BaseBuilder.php(1916): CodeIgniter\Database\BaseConnection->query('INSERT INTO `po...', Array, false)
#4 C:\xampp\htdocs\proekt\system\Model.php(278): CodeIgniter\Database\BaseBuilder->insert()
#5 C:\xampp\htdocs\proekt\system\BaseModel.php(738): CodeIgniter\Model->doInsert(Array)
#6 C:\xampp\htdocs\proekt\system\Model.php(666): CodeIgniter\BaseModel->insert(Array, false)
#7 C:\xampp\htdocs\proekt\system\BaseModel.php(658): CodeIgniter\Model->insert(Array, false)
#8 C:\xampp\htdocs\proekt\app\Controllers\Posts.php(57): CodeIgniter\BaseModel->save(Array)
#9 C:\xampp\htdocs\proekt\system\CodeIgniter.php(898): App\Controllers\Posts->create_post()
#10 C:\xampp\htdocs\proekt\system\CodeIgniter.php(457): CodeIgniter\CodeIgniter->runController(Object(App\Controllers\Posts))
#11 C:\xampp\htdocs\proekt\system\CodeIgniter.php(340): CodeIgniter\CodeIgniter->handleRequest(NULL, Object(Config\Cache), false)
#12 C:\xampp\htdocs\proekt\public\index.php(67): CodeIgniter\CodeIgniter->run()
#13 {main}
ERROR - 2022-08-12 13:32:17 --> mysqli_sql_exception: Unknown column 'discription' in 'field list' in C:\xampp\htdocs\proekt\system\Database\MySQLi\Connection.php:292
Stack trace:
#0 C:\xampp\htdocs\proekt\system\Database\MySQLi\Connection.php(292): mysqli->query('INSERT INTO `po...', 0)
#1 C:\xampp\htdocs\proekt\system\Database\BaseConnection.php(693): CodeIgniter\Database\MySQLi\Connection->execute('INSERT INTO `po...')
#2 C:\xampp\htdocs\proekt\system\Database\BaseConnection.php(620): CodeIgniter\Database\BaseConnection->simpleQuery('INSERT INTO `po...')
#3 C:\xampp\htdocs\proekt\system\Database\BaseBuilder.php(1916): CodeIgniter\Database\BaseConnection->query('INSERT INTO `po...', Array, false)
#4 C:\xampp\htdocs\proekt\system\Model.php(278): CodeIgniter\Database\BaseBuilder->insert()
#5 C:\xampp\htdocs\proekt\system\BaseModel.php(738): CodeIgniter\Model->doInsert(Array)
#6 C:\xampp\htdocs\proekt\system\Model.php(666): CodeIgniter\BaseModel->insert(Array, false)
#7 C:\xampp\htdocs\proekt\system\BaseModel.php(658): CodeIgniter\Model->insert(Array, false)
#8 C:\xampp\htdocs\proekt\app\Controllers\Posts.php(57): CodeIgniter\BaseModel->save(Array)
#9 C:\xampp\htdocs\proekt\system\CodeIgniter.php(898): App\Controllers\Posts->create_post()
#10 C:\xampp\htdocs\proekt\system\CodeIgniter.php(457): CodeIgniter\CodeIgniter->runController(Object(App\Controllers\Posts))
#11 C:\xampp\htdocs\proekt\system\CodeIgniter.php(340): CodeIgniter\CodeIgniter->handleRequest(NULL, Object(Config\Cache), false)
#12 C:\xampp\htdocs\proekt\public\index.php(67): CodeIgniter\CodeIgniter->run()
#13 {main}
CRITICAL - 2022-08-12 13:32:35 --> url_title(): Argument #1 ($str) must be of type string, null given, called in C:\xampp\htdocs\proekt\app\Controllers\Posts.php on line 54
in SYSTEMPATH\Helpers\url_helper.php on line 475.
 1 APPPATH\Controllers\Posts.php(54): url_title(null, '-', true)
 2 SYSTEMPATH\CodeIgniter.php(898): App\Controllers\Posts->create_post()
 3 SYSTEMPATH\CodeIgniter.php(457): CodeIgniter\CodeIgniter->runController(Object(App\Controllers\Posts))
 4 SYSTEMPATH\CodeIgniter.php(340): CodeIgniter\CodeIgniter->handleRequest(null, Object(Config\Cache), false)
 5 FCPATH\index.php(67): CodeIgniter\CodeIgniter->run()
CRITICAL - 2022-08-12 13:32:50 --> url_title(): Argument #1 ($str) must be of type string, null given, called in C:\xampp\htdocs\proekt\app\Controllers\Posts.php on line 54
in SYSTEMPATH\Helpers\url_helper.php on line 475.
 1 APPPATH\Controllers\Posts.php(54): url_title(null, '-', true)
 2 SYSTEMPATH\CodeIgniter.php(898): App\Controllers\Posts->create_post()
 3 SYSTEMPATH\CodeIgniter.php(457): CodeIgniter\CodeIgniter->runController(Object(App\Controllers\Posts))
 4 SYSTEMPATH\CodeIgniter.php(340): CodeIgniter\CodeIgniter->handleRequest(null, Object(Config\Cache), false)
 5 FCPATH\index.php(67): CodeIgniter\CodeIgniter->run()
CRITICAL - 2022-08-12 13:32:56 --> url_title(): Argument #1 ($str) must be of type string, null given, called in C:\xampp\htdocs\proekt\app\Controllers\Posts.php on line 54
in SYSTEMPATH\Helpers\url_helper.php on line 475.
 1 APPPATH\Controllers\Posts.php(54): url_title(null, '-', true)
 2 SYSTEMPATH\CodeIgniter.php(898): App\Controllers\Posts->create_post()
 3 SYSTEMPATH\CodeIgniter.php(457): CodeIgniter\CodeIgniter->runController(Object(App\Controllers\Posts))
 4 SYSTEMPATH\CodeIgniter.php(340): CodeIgniter\CodeIgniter->handleRequest(null, Object(Config\Cache), false)
 5 FCPATH\index.php(67): CodeIgniter\CodeIgniter->run()
ERROR - 2022-08-12 13:33:32 --> mysqli_sql_exception: Unknown column 'discription' in 'field list' in C:\xampp\htdocs\proekt\system\Database\MySQLi\Connection.php:292
Stack trace:
#0 C:\xampp\htdocs\proekt\system\Database\MySQLi\Connection.php(292): mysqli->query('INSERT INTO `po...', 0)
#1 C:\xampp\htdocs\proekt\system\Database\BaseConnection.php(693): CodeIgniter\Database\MySQLi\Connection->execute('INSERT INTO `po...')
#2 C:\xampp\htdocs\proekt\system\Database\BaseConnection.php(620): CodeIgniter\Database\BaseConnection->simpleQuery('INSERT INTO `po...')
#3 C:\xampp\htdocs\proekt\system\Database\BaseBuilder.php(1916): CodeIgniter\Database\BaseConnection->query('INSERT INTO `po...', Array, false)
#4 C:\xampp\htdocs\proekt\system\Model.php(278): CodeIgniter\Database\BaseBuilder->insert()
#5 C:\xampp\htdocs\proekt\system\BaseModel.php(738): CodeIgniter\Model->doInsert(Array)
#6 C:\xampp\htdocs\proekt\system\Model.php(666): CodeIgniter\BaseModel->insert(Array, false)
#7 C:\xampp\htdocs\proekt\system\BaseModel.php(658): CodeIgniter\Model->insert(Array, false)
#8 C:\xampp\htdocs\proekt\app\Controllers\Posts.php(56): CodeIgniter\BaseModel->save(Array)
#9 C:\xampp\htdocs\proekt\system\CodeIgniter.php(898): App\Controllers\Posts->create_post()
#10 C:\xampp\htdocs\proekt\system\CodeIgniter.php(457): CodeIgniter\CodeIgniter->runController(Object(App\Controllers\Posts))
#11 C:\xampp\htdocs\proekt\system\CodeIgniter.php(340): CodeIgniter\CodeIgniter->handleRequest(NULL, Object(Config\Cache), false)
#12 C:\xampp\htdocs\proekt\public\index.php(67): CodeIgniter\CodeIgniter->run()
#13 {main}
ERROR - 2022-08-12 13:37:26 --> mysqli_sql_exception: Unknown column 'discription' in 'field list' in C:\xampp\htdocs\proekt\system\Database\MySQLi\Connection.php:292
Stack trace:
#0 C:\xampp\htdocs\proekt\system\Database\MySQLi\Connection.php(292): mysqli->query('INSERT INTO `po...', 0)
#1 C:\xampp\htdocs\proekt\system\Database\BaseConnection.php(693): CodeIgniter\Database\MySQLi\Connection->execute('INSERT INTO `po...')
#2 C:\xampp\htdocs\proekt\system\Database\BaseConnection.php(620): CodeIgniter\Database\BaseConnection->simpleQuery('INSERT INTO `po...')
#3 C:\xampp\htdocs\proekt\system\Database\BaseBuilder.php(1916): CodeIgniter\Database\BaseConnection->query('INSERT INTO `po...', Array, false)
#4 C:\xampp\htdocs\proekt\system\Model.php(278): CodeIgniter\Database\BaseBuilder->insert()
#5 C:\xampp\htdocs\proekt\system\BaseModel.php(738): CodeIgniter\Model->doInsert(Array)
#6 C:\xampp\htdocs\proekt\system\Model.php(666): CodeIgniter\BaseModel->insert(Array, false)
#7 C:\xampp\htdocs\proekt\system\BaseModel.php(658): CodeIgniter\Model->insert(Array, false)
#8 C:\xampp\htdocs\proekt\app\Controllers\Posts.php(56): CodeIgniter\BaseModel->save(Array)
#9 C:\xampp\htdocs\proekt\system\CodeIgniter.php(898): App\Controllers\Posts->create_post()
#10 C:\xampp\htdocs\proekt\system\CodeIgniter.php(457): CodeIgniter\CodeIgniter->runController(Object(App\Controllers\Posts))
#11 C:\xampp\htdocs\proekt\system\CodeIgniter.php(340): CodeIgniter\CodeIgniter->handleRequest(NULL, Object(Config\Cache), false)
#12 C:\xampp\htdocs\proekt\public\index.php(67): CodeIgniter\CodeIgniter->run()
#13 {main}
ERROR - 2022-08-12 13:38:00 --> mysqli_sql_exception: Unknown column 'discription' in 'field list' in C:\xampp\htdocs\proekt\system\Database\MySQLi\Connection.php:292
Stack trace:
#0 C:\xampp\htdocs\proekt\system\Database\MySQLi\Connection.php(292): mysqli->query('INSERT INTO `po...', 0)
#1 C:\xampp\htdocs\proekt\system\Database\BaseConnection.php(693): CodeIgniter\Database\MySQLi\Connection->execute('INSERT INTO `po...')
#2 C:\xampp\htdocs\proekt\system\Database\BaseConnection.php(620): CodeIgniter\Database\BaseConnection->simpleQuery('INSERT INTO `po...')
#3 C:\xampp\htdocs\proekt\system\Database\BaseBuilder.php(1916): CodeIgniter\Database\BaseConnection->query('INSERT INTO `po...', Array, false)
#4 C:\xampp\htdocs\proekt\system\Model.php(278): CodeIgniter\Database\BaseBuilder->insert()
#5 C:\xampp\htdocs\proekt\system\BaseModel.php(738): CodeIgniter\Model->doInsert(Array)
#6 C:\xampp\htdocs\proekt\system\Model.php(666): CodeIgniter\BaseModel->insert(Array, false)
#7 C:\xampp\htdocs\proekt\system\BaseModel.php(658): CodeIgniter\Model->insert(Array, false)
#8 C:\xampp\htdocs\proekt\app\Controllers\Posts.php(56): CodeIgniter\BaseModel->save(Array)
#9 C:\xampp\htdocs\proekt\system\CodeIgniter.php(898): App\Controllers\Posts->create_post()
#10 C:\xampp\htdocs\proekt\system\CodeIgniter.php(457): CodeIgniter\CodeIgniter->runController(Object(App\Controllers\Posts))
#11 C:\xampp\htdocs\proekt\system\CodeIgniter.php(340): CodeIgniter\CodeIgniter->handleRequest(NULL, Object(Config\Cache), false)
#12 C:\xampp\htdocs\proekt\public\index.php(67): CodeIgniter\CodeIgniter->run()
#13 {main}
ERROR - 2022-08-12 13:40:51 --> mysqli_sql_exception: Unknown column 'discription' in 'field list' in C:\xampp\htdocs\proekt\system\Database\MySQLi\Connection.php:292
Stack trace:
#0 C:\xampp\htdocs\proekt\system\Database\MySQLi\Connection.php(292): mysqli->query('INSERT INTO `po...', 0)
#1 C:\xampp\htdocs\proekt\system\Database\BaseConnection.php(693): CodeIgniter\Database\MySQLi\Connection->execute('INSERT INTO `po...')
#2 C:\xampp\htdocs\proekt\system\Database\BaseConnection.php(620): CodeIgniter\Database\BaseConnection->simpleQuery('INSERT INTO `po...')
#3 C:\xampp\htdocs\proekt\system\Database\BaseBuilder.php(1916): CodeIgniter\Database\BaseConnection->query('INSERT INTO `po...', Array, false)
#4 C:\xampp\htdocs\proekt\system\Model.php(278): CodeIgniter\Database\BaseBuilder->insert()
#5 C:\xampp\htdocs\proekt\system\BaseModel.php(738): CodeIgniter\Model->doInsert(Array)
#6 C:\xampp\htdocs\proekt\system\Model.php(666): CodeIgniter\BaseModel->insert(Array, false)
#7 C:\xampp\htdocs\proekt\system\BaseModel.php(658): CodeIgniter\Model->insert(Array, false)
#8 C:\xampp\htdocs\proekt\app\Controllers\Posts.php(56): CodeIgniter\BaseModel->save(Array)
#9 C:\xampp\htdocs\proekt\system\CodeIgniter.php(898): App\Controllers\Posts->create_post()
#10 C:\xampp\htdocs\proekt\system\CodeIgniter.php(457): CodeIgniter\CodeIgniter->runController(Object(App\Controllers\Posts))
#11 C:\xampp\htdocs\proekt\system\CodeIgniter.php(340): CodeIgniter\CodeIgniter->handleRequest(NULL, Object(Config\Cache), false)
#12 C:\xampp\htdocs\proekt\public\index.php(67): CodeIgniter\CodeIgniter->run()
#13 {main}
ERROR - 2022-08-12 13:41:11 --> mysqli_sql_exception: Unknown column 'discription' in 'field list' in C:\xampp\htdocs\proekt\system\Database\MySQLi\Connection.php:292
Stack trace:
#0 C:\xampp\htdocs\proekt\system\Database\MySQLi\Connection.php(292): mysqli->query('INSERT INTO `po...', 0)
#1 C:\xampp\htdocs\proekt\system\Database\BaseConnection.php(693): CodeIgniter\Database\MySQLi\Connection->execute('INSERT INTO `po...')
#2 C:\xampp\htdocs\proekt\system\Database\BaseConnection.php(620): CodeIgniter\Database\BaseConnection->simpleQuery('INSERT INTO `po...')
#3 C:\xampp\htdocs\proekt\system\Database\BaseBuilder.php(1916): CodeIgniter\Database\BaseConnection->query('INSERT INTO `po...', Array, false)
#4 C:\xampp\htdocs\proekt\system\Model.php(278): CodeIgniter\Database\BaseBuilder->insert()
#5 C:\xampp\htdocs\proekt\system\BaseModel.php(738): CodeIgniter\Model->doInsert(Array)
#6 C:\xampp\htdocs\proekt\system\Model.php(666): CodeIgniter\BaseModel->insert(Array, false)
#7 C:\xampp\htdocs\proekt\system\BaseModel.php(658): CodeIgniter\Model->insert(Array, false)
#8 C:\xampp\htdocs\proekt\app\Controllers\Posts.php(56): CodeIgniter\BaseModel->save(Array)
#9 C:\xampp\htdocs\proekt\system\CodeIgniter.php(898): App\Controllers\Posts->create_post()
#10 C:\xampp\htdocs\proekt\system\CodeIgniter.php(457): CodeIgniter\CodeIgniter->runController(Object(App\Controllers\Posts))
#11 C:\xampp\htdocs\proekt\system\CodeIgniter.php(340): CodeIgniter\CodeIgniter->handleRequest(NULL, Object(Config\Cache), false)
#12 C:\xampp\htdocs\proekt\public\index.php(67): CodeIgniter\CodeIgniter->run()
#13 {main}
ERROR - 2022-08-12 13:42:43 --> mysqli_sql_exception: Unknown column 'discription' in 'field list' in C:\xampp\htdocs\proekt\system\Database\MySQLi\Connection.php:292
Stack trace:
#0 C:\xampp\htdocs\proekt\system\Database\MySQLi\Connection.php(292): mysqli->query('INSERT INTO `po...', 0)
#1 C:\xampp\htdocs\proekt\system\Database\BaseConnection.php(693): CodeIgniter\Database\MySQLi\Connection->execute('INSERT INTO `po...')
#2 C:\xampp\htdocs\proekt\system\Database\BaseConnection.php(620): CodeIgniter\Database\BaseConnection->simpleQuery('INSERT INTO `po...')
#3 C:\xampp\htdocs\proekt\system\Database\BaseBuilder.php(1916): CodeIgniter\Database\BaseConnection->query('INSERT INTO `po...', Array, false)
#4 C:\xampp\htdocs\proekt\system\Model.php(278): CodeIgniter\Database\BaseBuilder->insert()
#5 C:\xampp\htdocs\proekt\system\BaseModel.php(738): CodeIgniter\Model->doInsert(Array)
#6 C:\xampp\htdocs\proekt\system\Model.php(666): CodeIgniter\BaseModel->insert(Array, false)
#7 C:\xampp\htdocs\proekt\system\BaseModel.php(658): CodeIgniter\Model->insert(Array, false)
#8 C:\xampp\htdocs\proekt\app\Controllers\Posts.php(56): CodeIgniter\BaseModel->save(Array)
#9 C:\xampp\htdocs\proekt\system\CodeIgniter.php(898): App\Controllers\Posts->create_post()
#10 C:\xampp\htdocs\proekt\system\CodeIgniter.php(457): CodeIgniter\CodeIgniter->runController(Object(App\Controllers\Posts))
#11 C:\xampp\htdocs\proekt\system\CodeIgniter.php(340): CodeIgniter\CodeIgniter->handleRequest(NULL, Object(Config\Cache), false)
#12 C:\xampp\htdocs\proekt\public\index.php(67): CodeIgniter\CodeIgniter->run()
#13 {main}
ERROR - 2022-08-12 13:43:36 --> mysqli_sql_exception: Unknown column 'discription' in 'field list' in C:\xampp\htdocs\proekt\system\Database\MySQLi\Connection.php:292
Stack trace:
#0 C:\xampp\htdocs\proekt\system\Database\MySQLi\Connection.php(292): mysqli->query('INSERT INTO `po...', 0)
#1 C:\xampp\htdocs\proekt\system\Database\BaseConnection.php(693): CodeIgniter\Database\MySQLi\Connection->execute('INSERT INTO `po...')
#2 C:\xampp\htdocs\proekt\system\Database\BaseConnection.php(620): CodeIgniter\Database\BaseConnection->simpleQuery('INSERT INTO `po...')
#3 C:\xampp\htdocs\proekt\system\Database\BaseBuilder.php(1916): CodeIgniter\Database\BaseConnection->query('INSERT INTO `po...', Array, false)
#4 C:\xampp\htdocs\proekt\system\Model.php(278): CodeIgniter\Database\BaseBuilder->insert()
#5 C:\xampp\htdocs\proekt\system\BaseModel.php(738): CodeIgniter\Model->doInsert(Array)
#6 C:\xampp\htdocs\proekt\system\Model.php(666): CodeIgniter\BaseModel->insert(Array, false)
#7 C:\xampp\htdocs\proekt\system\BaseModel.php(658): CodeIgniter\Model->insert(Array, false)
#8 C:\xampp\htdocs\proekt\app\Controllers\Posts.php(57): CodeIgniter\BaseModel->save(Array)
#9 C:\xampp\htdocs\proekt\system\CodeIgniter.php(898): App\Controllers\Posts->create_post()
#10 C:\xampp\htdocs\proekt\system\CodeIgniter.php(457): CodeIgniter\CodeIgniter->runController(Object(App\Controllers\Posts))
#11 C:\xampp\htdocs\proekt\system\CodeIgniter.php(340): CodeIgniter\CodeIgniter->handleRequest(NULL, Object(Config\Cache), false)
#12 C:\xampp\htdocs\proekt\public\index.php(67): CodeIgniter\CodeIgniter->run()
#13 {main}
ERROR - 2022-08-12 13:44:38 --> mysqli_sql_exception: Unknown column 'discription' in 'field list' in C:\xampp\htdocs\proekt\system\Database\MySQLi\Connection.php:292
Stack trace:
#0 C:\xampp\htdocs\proekt\system\Database\MySQLi\Connection.php(292): mysqli->query('INSERT INTO `po...', 0)
#1 C:\xampp\htdocs\proekt\system\Database\BaseConnection.php(693): CodeIgniter\Database\MySQLi\Connection->execute('INSERT INTO `po...')
#2 C:\xampp\htdocs\proekt\system\Database\BaseConnection.php(620): CodeIgniter\Database\BaseConnection->simpleQuery('INSERT INTO `po...')
#3 C:\xampp\htdocs\proekt\system\Database\BaseBuilder.php(1916): CodeIgniter\Database\BaseConnection->query('INSERT INTO `po...', Array, false)
#4 C:\xampp\htdocs\proekt\system\Model.php(278): CodeIgniter\Database\BaseBuilder->insert()
#5 C:\xampp\htdocs\proekt\system\BaseModel.php(738): CodeIgniter\Model->doInsert(Array)
#6 C:\xampp\htdocs\proekt\system\Model.php(666): CodeIgniter\BaseModel->insert(Array, false)
#7 C:\xampp\htdocs\proekt\system\BaseModel.php(658): CodeIgniter\Model->insert(Array, false)
#8 C:\xampp\htdocs\proekt\app\Controllers\Posts.php(52): CodeIgniter\BaseModel->save(Array)
#9 C:\xampp\htdocs\proekt\system\CodeIgniter.php(898): App\Controllers\Posts->create_post()
#10 C:\xampp\htdocs\proekt\system\CodeIgniter.php(457): CodeIgniter\CodeIgniter->runController(Object(App\Controllers\Posts))
#11 C:\xampp\htdocs\proekt\system\CodeIgniter.php(340): CodeIgniter\CodeIgniter->handleRequest(NULL, Object(Config\Cache), false)
#12 C:\xampp\htdocs\proekt\public\index.php(67): CodeIgniter\CodeIgniter->run()
#13 {main}
ERROR - 2022-08-12 13:47:17 --> mysqli_sql_exception: Unknown column 'discription' in 'field list' in C:\xampp\htdocs\proekt\system\Database\MySQLi\Connection.php:292
Stack trace:
#0 C:\xampp\htdocs\proekt\system\Database\MySQLi\Connection.php(292): mysqli->query('INSERT INTO `po...', 0)
#1 C:\xampp\htdocs\proekt\system\Database\BaseConnection.php(693): CodeIgniter\Database\MySQLi\Connection->execute('INSERT INTO `po...')
#2 C:\xampp\htdocs\proekt\system\Database\BaseConnection.php(620): CodeIgniter\Database\BaseConnection->simpleQuery('INSERT INTO `po...')
#3 C:\xampp\htdocs\proekt\system\Database\BaseBuilder.php(1916): CodeIgniter\Database\BaseConnection->query('INSERT INTO `po...', Array, false)
#4 C:\xampp\htdocs\proekt\system\Model.php(278): CodeIgniter\Database\BaseBuilder->insert()
#5 C:\xampp\htdocs\proekt\system\BaseModel.php(738): CodeIgniter\Model->doInsert(Array)
#6 C:\xampp\htdocs\proekt\system\Model.php(666): CodeIgniter\BaseModel->insert(Array, false)
#7 C:\xampp\htdocs\proekt\system\BaseModel.php(658): CodeIgniter\Model->insert(Array, false)
#8 C:\xampp\htdocs\proekt\app\Controllers\Posts.php(57): CodeIgniter\BaseModel->save(Array)
#9 C:\xampp\htdocs\proekt\system\CodeIgniter.php(898): App\Controllers\Posts->create_post()
#10 C:\xampp\htdocs\proekt\system\CodeIgniter.php(457): CodeIgniter\CodeIgniter->runController(Object(App\Controllers\Posts))
#11 C:\xampp\htdocs\proekt\system\CodeIgniter.php(340): CodeIgniter\CodeIgniter->handleRequest(NULL, Object(Config\Cache), false)
#12 C:\xampp\htdocs\proekt\public\index.php(67): CodeIgniter\CodeIgniter->run()
#13 {main}
ERROR - 2022-08-12 13:47:41 --> mysqli_sql_exception: Unknown column 'discription' in 'field list' in C:\xampp\htdocs\proekt\system\Database\MySQLi\Connection.php:292
Stack trace:
#0 C:\xampp\htdocs\proekt\system\Database\MySQLi\Connection.php(292): mysqli->query('INSERT INTO `po...', 0)
#1 C:\xampp\htdocs\proekt\system\Database\BaseConnection.php(693): CodeIgniter\Database\MySQLi\Connection->execute('INSERT INTO `po...')
#2 C:\xampp\htdocs\proekt\system\Database\BaseConnection.php(620): CodeIgniter\Database\BaseConnection->simpleQuery('INSERT INTO `po...')
#3 C:\xampp\htdocs\proekt\system\Database\BaseBuilder.php(1916): CodeIgniter\Database\BaseConnection->query('INSERT INTO `po...', Array, false)
#4 C:\xampp\htdocs\proekt\system\Model.php(278): CodeIgniter\Database\BaseBuilder->insert()
#5 C:\xampp\htdocs\proekt\system\BaseModel.php(738): CodeIgniter\Model->doInsert(Array)
#6 C:\xampp\htdocs\proekt\system\Model.php(666): CodeIgniter\BaseModel->insert(Array, false)
#7 C:\xampp\htdocs\proekt\system\BaseModel.php(658): CodeIgniter\Model->insert(Array, false)
#8 C:\xampp\htdocs\proekt\app\Controllers\Posts.php(57): CodeIgniter\BaseModel->save(Array)
#9 C:\xampp\htdocs\proekt\system\CodeIgniter.php(898): App\Controllers\Posts->create_post()
#10 C:\xampp\htdocs\proekt\system\CodeIgniter.php(457): CodeIgniter\CodeIgniter->runController(Object(App\Controllers\Posts))
#11 C:\xampp\htdocs\proekt\system\CodeIgniter.php(340): CodeIgniter\CodeIgniter->handleRequest(NULL, Object(Config\Cache), false)
#12 C:\xampp\htdocs\proekt\public\index.php(67): CodeIgniter\CodeIgniter->run()
#13 {main}
ERROR - 2022-08-12 14:09:21 --> mysqli_sql_exception: Unknown column 'discription' in 'field list' in C:\xampp\htdocs\proekt\system\Database\MySQLi\Connection.php:292
Stack trace:
#0 C:\xampp\htdocs\proekt\system\Database\MySQLi\Connection.php(292): mysqli->query('INSERT INTO `po...', 0)
#1 C:\xampp\htdocs\proekt\system\Database\BaseConnection.php(693): CodeIgniter\Database\MySQLi\Connection->execute('INSERT INTO `po...')
#2 C:\xampp\htdocs\proekt\system\Database\BaseConnection.php(620): CodeIgniter\Database\BaseConnection->simpleQuery('INSERT INTO `po...')
#3 C:\xampp\htdocs\proekt\system\Database\BaseBuilder.php(1916): CodeIgniter\Database\BaseConnection->query('INSERT INTO `po...', Array, false)
#4 C:\xampp\htdocs\proekt\system\Model.php(278): CodeIgniter\Database\BaseBuilder->insert()
#5 C:\xampp\htdocs\proekt\system\BaseModel.php(738): CodeIgniter\Model->doInsert(Array)
#6 C:\xampp\htdocs\proekt\system\Model.php(666): CodeIgniter\BaseModel->insert(Array, false)
#7 C:\xampp\htdocs\proekt\system\BaseModel.php(658): CodeIgniter\Model->insert(Array, false)
#8 C:\xampp\htdocs\proekt\app\Controllers\Test.php(27): CodeIgniter\BaseModel->save(Array)
#9 C:\xampp\htdocs\proekt\system\CodeIgniter.php(898): App\Controllers\Test->create_post()
#10 C:\xampp\htdocs\proekt\system\CodeIgniter.php(457): CodeIgniter\CodeIgniter->runController(Object(App\Controllers\Test))
#11 C:\xampp\htdocs\proekt\system\CodeIgniter.php(340): CodeIgniter\CodeIgniter->handleRequest(NULL, Object(Config\Cache), false)
#12 C:\xampp\htdocs\proekt\public\index.php(67): CodeIgniter\CodeIgniter->run()
#13 {main}
ERROR - 2022-08-12 14:09:52 --> mysqli_sql_exception: Unknown column 'discription' in 'field list' in C:\xampp\htdocs\proekt\system\Database\MySQLi\Connection.php:292
Stack trace:
#0 C:\xampp\htdocs\proekt\system\Database\MySQLi\Connection.php(292): mysqli->query('INSERT INTO `po...', 0)
#1 C:\xampp\htdocs\proekt\system\Database\BaseConnection.php(693): CodeIgniter\Database\MySQLi\Connection->execute('INSERT INTO `po...')
#2 C:\xampp\htdocs\proekt\system\Database\BaseConnection.php(620): CodeIgniter\Database\BaseConnection->simpleQuery('INSERT INTO `po...')
#3 C:\xampp\htdocs\proekt\system\Database\BaseBuilder.php(1916): CodeIgniter\Database\BaseConnection->query('INSERT INTO `po...', Array, false)
#4 C:\xampp\htdocs\proekt\system\Model.php(278): CodeIgniter\Database\BaseBuilder->insert()
#5 C:\xampp\htdocs\proekt\system\BaseModel.php(738): CodeIgniter\Model->doInsert(Array)
#6 C:\xampp\htdocs\proekt\system\Model.php(666): CodeIgniter\BaseModel->insert(Array, false)
#7 C:\xampp\htdocs\proekt\system\BaseModel.php(658): CodeIgniter\Model->insert(Array, false)
#8 C:\xampp\htdocs\proekt\app\Controllers\Posts.php(57): CodeIgniter\BaseModel->save(Array)
#9 C:\xampp\htdocs\proekt\system\CodeIgniter.php(898): App\Controllers\Posts->create_post()
#10 C:\xampp\htdocs\proekt\system\CodeIgniter.php(457): CodeIgniter\CodeIgniter->runController(Object(App\Controllers\Posts))
#11 C:\xampp\htdocs\proekt\system\CodeIgniter.php(340): CodeIgniter\CodeIgniter->handleRequest(NULL, Object(Config\Cache), false)
#12 C:\xampp\htdocs\proekt\public\index.php(67): CodeIgniter\CodeIgniter->run()
#13 {main}
ERROR - 2022-08-12 14:15:34 --> mysqli_sql_exception: Unknown column 'discription' in 'field list' in C:\xampp\htdocs\proekt\system\Database\MySQLi\Connection.php:292
Stack trace:
#0 C:\xampp\htdocs\proekt\system\Database\MySQLi\Connection.php(292): mysqli->query('INSERT INTO `po...', 0)
#1 C:\xampp\htdocs\proekt\system\Database\BaseConnection.php(693): CodeIgniter\Database\MySQLi\Connection->execute('INSERT INTO `po...')
#2 C:\xampp\htdocs\proekt\system\Database\BaseConnection.php(620): CodeIgniter\Database\BaseConnection->simpleQuery('INSERT INTO `po...')
#3 C:\xampp\htdocs\proekt\system\Database\BaseBuilder.php(1916): CodeIgniter\Database\BaseConnection->query('INSERT INTO `po...', Array, false)
#4 C:\xampp\htdocs\proekt\system\Model.php(278): CodeIgniter\Database\BaseBuilder->insert()
#5 C:\xampp\htdocs\proekt\system\BaseModel.php(738): CodeIgniter\Model->doInsert(Array)
#6 C:\xampp\htdocs\proekt\system\Model.php(666): CodeIgniter\BaseModel->insert(Array, false)
#7 C:\xampp\htdocs\proekt\system\BaseModel.php(658): CodeIgniter\Model->insert(Array, false)
#8 C:\xampp\htdocs\proekt\app\Controllers\Posts.php(57): CodeIgniter\BaseModel->save(Array)
#9 C:\xampp\htdocs\proekt\system\CodeIgniter.php(898): App\Controllers\Posts->create_post()
#10 C:\xampp\htdocs\proekt\system\CodeIgniter.php(457): CodeIgniter\CodeIgniter->runController(Object(App\Controllers\Posts))
#11 C:\xampp\htdocs\proekt\system\CodeIgniter.php(340): CodeIgniter\CodeIgniter->handleRequest(NULL, Object(Config\Cache), false)
#12 C:\xampp\htdocs\proekt\public\index.php(67): CodeIgniter\CodeIgniter->run()
#13 {main}
ERROR - 2022-08-12 14:18:11 --> mysqli_sql_exception: Unknown column 'discription' in 'field list' in C:\xampp\htdocs\proekt\system\Database\MySQLi\Connection.php:292
Stack trace:
#0 C:\xampp\htdocs\proekt\system\Database\MySQLi\Connection.php(292): mysqli->query('INSERT INTO `po...', 0)
#1 C:\xampp\htdocs\proekt\system\Database\BaseConnection.php(693): CodeIgniter\Database\MySQLi\Connection->execute('INSERT INTO `po...')
#2 C:\xampp\htdocs\proekt\system\Database\BaseConnection.php(620): CodeIgniter\Database\BaseConnection->simpleQuery('INSERT INTO `po...')
#3 C:\xampp\htdocs\proekt\system\Database\BaseBuilder.php(1916): CodeIgniter\Database\BaseConnection->query('INSERT INTO `po...', Array, false)
#4 C:\xampp\htdocs\proekt\system\Model.php(278): CodeIgniter\Database\BaseBuilder->insert()
#5 C:\xampp\htdocs\proekt\system\BaseModel.php(738): CodeIgniter\Model->doInsert(Array)
#6 C:\xampp\htdocs\proekt\system\Model.php(666): CodeIgniter\BaseModel->insert(Array, false)
#7 C:\xampp\htdocs\proekt\system\BaseModel.php(658): CodeIgniter\Model->insert(Array, false)
#8 C:\xampp\htdocs\proekt\app\Controllers\Posts.php(57): CodeIgniter\BaseModel->save(Array)
#9 C:\xampp\htdocs\proekt\system\CodeIgniter.php(898): App\Controllers\Posts->create_post()
#10 C:\xampp\htdocs\proekt\system\CodeIgniter.php(457): CodeIgniter\CodeIgniter->runController(Object(App\Controllers\Posts))
#11 C:\xampp\htdocs\proekt\system\CodeIgniter.php(340): CodeIgniter\CodeIgniter->handleRequest(NULL, Object(Config\Cache), false)
#12 C:\xampp\htdocs\proekt\public\index.php(67): CodeIgniter\CodeIgniter->run()
#13 {main}
ERROR - 2022-08-12 14:19:58 --> mysqli_sql_exception: Unknown column 'discription' in 'field list' in C:\xampp\htdocs\proekt\system\Database\MySQLi\Connection.php:292
Stack trace:
#0 C:\xampp\htdocs\proekt\system\Database\MySQLi\Connection.php(292): mysqli->query('INSERT INTO `po...', 0)
#1 C:\xampp\htdocs\proekt\system\Database\BaseConnection.php(693): CodeIgniter\Database\MySQLi\Connection->execute('INSERT INTO `po...')
#2 C:\xampp\htdocs\proekt\system\Database\BaseConnection.php(620): CodeIgniter\Database\BaseConnection->simpleQuery('INSERT INTO `po...')
#3 C:\xampp\htdocs\proekt\system\Database\BaseBuilder.php(1916): CodeIgniter\Database\BaseConnection->query('INSERT INTO `po...', Array, false)
#4 C:\xampp\htdocs\proekt\system\Model.php(278): CodeIgniter\Database\BaseBuilder->insert()
#5 C:\xampp\htdocs\proekt\system\BaseModel.php(738): CodeIgniter\Model->doInsert(Array)
#6 C:\xampp\htdocs\proekt\system\Model.php(666): CodeIgniter\BaseModel->insert(Array, false)
#7 C:\xampp\htdocs\proekt\system\BaseModel.php(658): CodeIgniter\Model->insert(Array, false)
#8 C:\xampp\htdocs\proekt\app\Controllers\Posts.php(57): CodeIgniter\BaseModel->save(Array)
#9 C:\xampp\htdocs\proekt\system\CodeIgniter.php(898): App\Controllers\Posts->create_post()
#10 C:\xampp\htdocs\proekt\system\CodeIgniter.php(457): CodeIgniter\CodeIgniter->runController(Object(App\Controllers\Posts))
#11 C:\xampp\htdocs\proekt\system\CodeIgniter.php(340): CodeIgniter\CodeIgniter->handleRequest(NULL, Object(Config\Cache), false)
#12 C:\xampp\htdocs\proekt\public\index.php(67): CodeIgniter\CodeIgniter->run()
#13 {main}
ERROR - 2022-08-12 14:21:48 --> mysqli_sql_exception: Unknown column 'discription' in 'field list' in C:\xampp\htdocs\proekt\system\Database\MySQLi\Connection.php:292
Stack trace:
#0 C:\xampp\htdocs\proekt\system\Database\MySQLi\Connection.php(292): mysqli->query('INSERT INTO `po...', 0)
#1 C:\xampp\htdocs\proekt\system\Database\BaseConnection.php(693): CodeIgniter\Database\MySQLi\Connection->execute('INSERT INTO `po...')
#2 C:\xampp\htdocs\proekt\system\Database\BaseConnection.php(620): CodeIgniter\Database\BaseConnection->simpleQuery('INSERT INTO `po...')
#3 C:\xampp\htdocs\proekt\system\Database\BaseBuilder.php(1916): CodeIgniter\Database\BaseConnection->query('INSERT INTO `po...', Array, false)
#4 C:\xampp\htdocs\proekt\system\Model.php(278): CodeIgniter\Database\BaseBuilder->insert()
#5 C:\xampp\htdocs\proekt\system\BaseModel.php(738): CodeIgniter\Model->doInsert(Array)
#6 C:\xampp\htdocs\proekt\system\Model.php(666): CodeIgniter\BaseModel->insert(Array, false)
#7 C:\xampp\htdocs\proekt\system\BaseModel.php(658): CodeIgniter\Model->insert(Array, false)
#8 C:\xampp\htdocs\proekt\app\Controllers\Posts.php(54): CodeIgniter\BaseModel->save(Array)
#9 C:\xampp\htdocs\proekt\system\CodeIgniter.php(898): App\Controllers\Posts->create_post()
#10 C:\xampp\htdocs\proekt\system\CodeIgniter.php(457): CodeIgniter\CodeIgniter->runController(Object(App\Controllers\Posts))
#11 C:\xampp\htdocs\proekt\system\CodeIgniter.php(340): CodeIgniter\CodeIgniter->handleRequest(NULL, Object(Config\Cache), false)
#12 C:\xampp\htdocs\proekt\public\index.php(67): CodeIgniter\CodeIgniter->run()
#13 {main}
ERROR - 2022-08-12 14:22:41 --> mysqli_sql_exception: Unknown column 'discription' in 'field list' in C:\xampp\htdocs\proekt\system\Database\MySQLi\Connection.php:292
Stack trace:
#0 C:\xampp\htdocs\proekt\system\Database\MySQLi\Connection.php(292): mysqli->query('INSERT INTO `po...', 0)
#1 C:\xampp\htdocs\proekt\system\Database\BaseConnection.php(693): CodeIgniter\Database\MySQLi\Connection->execute('INSERT INTO `po...')
#2 C:\xampp\htdocs\proekt\system\Database\BaseConnection.php(620): CodeIgniter\Database\BaseConnection->simpleQuery('INSERT INTO `po...')
#3 C:\xampp\htdocs\proekt\system\Database\BaseBuilder.php(1916): CodeIgniter\Database\BaseConnection->query('INSERT INTO `po...', Array, false)
#4 C:\xampp\htdocs\proekt\system\Model.php(278): CodeIgniter\Database\BaseBuilder->insert()
#5 C:\xampp\htdocs\proekt\system\BaseModel.php(738): CodeIgniter\Model->doInsert(Array)
#6 C:\xampp\htdocs\proekt\system\Model.php(666): CodeIgniter\BaseModel->insert(Array, false)
#7 C:\xampp\htdocs\proekt\system\BaseModel.php(658): CodeIgniter\Model->insert(Array, false)
#8 C:\xampp\htdocs\proekt\app\Controllers\Posts.php(54): CodeIgniter\BaseModel->save(Array)
#9 C:\xampp\htdocs\proekt\system\CodeIgniter.php(898): App\Controllers\Posts->create_post()
#10 C:\xampp\htdocs\proekt\system\CodeIgniter.php(457): CodeIgniter\CodeIgniter->runController(Object(App\Controllers\Posts))
#11 C:\xampp\htdocs\proekt\system\CodeIgniter.php(340): CodeIgniter\CodeIgniter->handleRequest(NULL, Object(Config\Cache), false)
#12 C:\xampp\htdocs\proekt\public\index.php(67): CodeIgniter\CodeIgniter->run()
#13 {main}
CRITICAL - 2022-08-12 14:24:13 --> url_title(): Argument #1 ($str) must be of type string, null given, called in C:\xampp\htdocs\proekt\app\Controllers\Posts.php on line 44
in SYSTEMPATH\Helpers\url_helper.php on line 475.
 1 APPPATH\Controllers\Posts.php(44): url_title(null, '-', true)
 2 SYSTEMPATH\CodeIgniter.php(898): App\Controllers\Posts->create_post()
 3 SYSTEMPATH\CodeIgniter.php(457): CodeIgniter\CodeIgniter->runController(Object(App\Controllers\Posts))
 4 SYSTEMPATH\CodeIgniter.php(340): CodeIgniter\CodeIgniter->handleRequest(null, Object(Config\Cache), false)
 5 FCPATH\index.php(67): CodeIgniter\CodeIgniter->run()
CRITICAL - 2022-08-12 14:24:39 --> url_title(): Argument #1 ($str) must be of type string, null given, called in C:\xampp\htdocs\proekt\app\Controllers\Posts.php on line 44
in SYSTEMPATH\Helpers\url_helper.php on line 475.
 1 APPPATH\Controllers\Posts.php(44): url_title(null, '-', true)
 2 SYSTEMPATH\CodeIgniter.php(898): App\Controllers\Posts->create_post()
 3 SYSTEMPATH\CodeIgniter.php(457): CodeIgniter\CodeIgniter->runController(Object(App\Controllers\Posts))
 4 SYSTEMPATH\CodeIgniter.php(340): CodeIgniter\CodeIgniter->handleRequest(null, Object(Config\Cache), false)
 5 FCPATH\index.php(67): CodeIgniter\CodeIgniter->run()
ERROR - 2022-08-12 14:25:07 --> mysqli_sql_exception: Unknown column 'discription' in 'field list' in C:\xampp\htdocs\proekt\system\Database\MySQLi\Connection.php:292
Stack trace:
#0 C:\xampp\htdocs\proekt\system\Database\MySQLi\Connection.php(292): mysqli->query('INSERT INTO `po...', 0)
#1 C:\xampp\htdocs\proekt\system\Database\BaseConnection.php(693): CodeIgniter\Database\MySQLi\Connection->execute('INSERT INTO `po...')
#2 C:\xampp\htdocs\proekt\system\Database\BaseConnection.php(620): CodeIgniter\Database\BaseConnection->simpleQuery('INSERT INTO `po...')
#3 C:\xampp\htdocs\proekt\system\Database\BaseBuilder.php(1916): CodeIgniter\Database\BaseConnection->query('INSERT INTO `po...', Array, false)
#4 C:\xampp\htdocs\proekt\system\Model.php(278): CodeIgniter\Database\BaseBuilder->insert()
#5 C:\xampp\htdocs\proekt\system\BaseModel.php(738): CodeIgniter\Model->doInsert(Array)
#6 C:\xampp\htdocs\proekt\system\Model.php(666): CodeIgniter\BaseModel->insert(Array, false)
#7 C:\xampp\htdocs\proekt\system\BaseModel.php(658): CodeIgniter\Model->insert(Array, false)
#8 C:\xampp\htdocs\proekt\app\Controllers\Posts.php(48): CodeIgniter\BaseModel->save(Array)
#9 C:\xampp\htdocs\proekt\system\CodeIgniter.php(898): App\Controllers\Posts->create_post()
#10 C:\xampp\htdocs\proekt\system\CodeIgniter.php(457): CodeIgniter\CodeIgniter->runController(Object(App\Controllers\Posts))
#11 C:\xampp\htdocs\proekt\system\CodeIgniter.php(340): CodeIgniter\CodeIgniter->handleRequest(NULL, Object(Config\Cache), false)
#12 C:\xampp\htdocs\proekt\public\index.php(67): CodeIgniter\CodeIgniter->run()
#13 {main}
ERROR - 2022-08-12 14:25:29 --> mysqli_sql_exception: Unknown column 'discription' in 'field list' in C:\xampp\htdocs\proekt\system\Database\MySQLi\Connection.php:292
Stack trace:
#0 C:\xampp\htdocs\proekt\system\Database\MySQLi\Connection.php(292): mysqli->query('INSERT INTO `po...', 0)
#1 C:\xampp\htdocs\proekt\system\Database\BaseConnection.php(693): CodeIgniter\Database\MySQLi\Connection->execute('INSERT INTO `po...')
#2 C:\xampp\htdocs\proekt\system\Database\BaseConnection.php(620): CodeIgniter\Database\BaseConnection->simpleQuery('INSERT INTO `po...')
#3 C:\xampp\htdocs\proekt\system\Database\BaseBuilder.php(1916): CodeIgniter\Database\BaseConnection->query('INSERT INTO `po...', Array, false)
#4 C:\xampp\htdocs\proekt\system\Model.php(278): CodeIgniter\Database\BaseBuilder->insert()
#5 C:\xampp\htdocs\proekt\system\BaseModel.php(738): CodeIgniter\Model->doInsert(Array)
#6 C:\xampp\htdocs\proekt\system\Model.php(666): CodeIgniter\BaseModel->insert(Array, false)
#7 C:\xampp\htdocs\proekt\system\BaseModel.php(658): CodeIgniter\Model->insert(Array, false)
#8 C:\xampp\htdocs\proekt\app\Controllers\Posts.php(48): CodeIgniter\BaseModel->save(Array)
#9 C:\xampp\htdocs\proekt\system\CodeIgniter.php(898): App\Controllers\Posts->create_post()
#10 C:\xampp\htdocs\proekt\system\CodeIgniter.php(457): CodeIgniter\CodeIgniter->runController(Object(App\Controllers\Posts))
#11 C:\xampp\htdocs\proekt\system\CodeIgniter.php(340): CodeIgniter\CodeIgniter->handleRequest(NULL, Object(Config\Cache), false)
#12 C:\xampp\htdocs\proekt\public\index.php(67): CodeIgniter\CodeIgniter->run()
#13 {main}
ERROR - 2022-08-12 14:25:34 --> mysqli_sql_exception: Unknown column 'discription' in 'field list' in C:\xampp\htdocs\proekt\system\Database\MySQLi\Connection.php:292
Stack trace:
#0 C:\xampp\htdocs\proekt\system\Database\MySQLi\Connection.php(292): mysqli->query('INSERT INTO `po...', 0)
#1 C:\xampp\htdocs\proekt\system\Database\BaseConnection.php(693): CodeIgniter\Database\MySQLi\Connection->execute('INSERT INTO `po...')
#2 C:\xampp\htdocs\proekt\system\Database\BaseConnection.php(620): CodeIgniter\Database\BaseConnection->simpleQuery('INSERT INTO `po...')
#3 C:\xampp\htdocs\proekt\system\Database\BaseBuilder.php(1916): CodeIgniter\Database\BaseConnection->query('INSERT INTO `po...', Array, false)
#4 C:\xampp\htdocs\proekt\system\Model.php(278): CodeIgniter\Database\BaseBuilder->insert()
#5 C:\xampp\htdocs\proekt\system\BaseModel.php(738): CodeIgniter\Model->doInsert(Array)
#6 C:\xampp\htdocs\proekt\system\Model.php(666): CodeIgniter\BaseModel->insert(Array, false)
#7 C:\xampp\htdocs\proekt\system\BaseModel.php(658): CodeIgniter\Model->insert(Array, false)
#8 C:\xampp\htdocs\proekt\app\Controllers\Posts.php(48): CodeIgniter\BaseModel->save(Array)
#9 C:\xampp\htdocs\proekt\system\CodeIgniter.php(898): App\Controllers\Posts->create_post()
#10 C:\xampp\htdocs\proekt\system\CodeIgniter.php(457): CodeIgniter\CodeIgniter->runController(Object(App\Controllers\Posts))
#11 C:\xampp\htdocs\proekt\system\CodeIgniter.php(340): CodeIgniter\CodeIgniter->handleRequest(NULL, Object(Config\Cache), false)
#12 C:\xampp\htdocs\proekt\public\index.php(67): CodeIgniter\CodeIgniter->run()
#13 {main}
ERROR - 2022-08-12 14:27:43 --> mysqli_sql_exception: Unknown column 'discription' in 'field list' in C:\xampp\htdocs\proekt\system\Database\MySQLi\Connection.php:292
Stack trace:
#0 C:\xampp\htdocs\proekt\system\Database\MySQLi\Connection.php(292): mysqli->query('INSERT INTO `po...', 0)
#1 C:\xampp\htdocs\proekt\system\Database\BaseConnection.php(693): CodeIgniter\Database\MySQLi\Connection->execute('INSERT INTO `po...')
#2 C:\xampp\htdocs\proekt\system\Database\BaseConnection.php(620): CodeIgniter\Database\BaseConnection->simpleQuery('INSERT INTO `po...')
#3 C:\xampp\htdocs\proekt\system\Database\BaseBuilder.php(1916): CodeIgniter\Database\BaseConnection->query('INSERT INTO `po...', Array, false)
#4 C:\xampp\htdocs\proekt\system\Model.php(278): CodeIgniter\Database\BaseBuilder->insert()
#5 C:\xampp\htdocs\proekt\system\BaseModel.php(738): CodeIgniter\Model->doInsert(Array)
#6 C:\xampp\htdocs\proekt\system\Model.php(666): CodeIgniter\BaseModel->insert(Array, false)
#7 C:\xampp\htdocs\proekt\system\BaseModel.php(658): CodeIgniter\Model->insert(Array, false)
#8 C:\xampp\htdocs\proekt\app\Controllers\Posts.php(53): CodeIgniter\BaseModel->save(Array)
#9 C:\xampp\htdocs\proekt\system\CodeIgniter.php(898): App\Controllers\Posts->create_post()
#10 C:\xampp\htdocs\proekt\system\CodeIgniter.php(457): CodeIgniter\CodeIgniter->runController(Object(App\Controllers\Posts))
#11 C:\xampp\htdocs\proekt\system\CodeIgniter.php(340): CodeIgniter\CodeIgniter->handleRequest(NULL, Object(Config\Cache), false)
#12 C:\xampp\htdocs\proekt\public\index.php(67): CodeIgniter\CodeIgniter->run()
#13 {main}
ERROR - 2022-08-12 14:29:56 --> mysqli_sql_exception: Unknown column 'discription' in 'field list' in C:\xampp\htdocs\proekt\system\Database\MySQLi\Connection.php:292
Stack trace:
#0 C:\xampp\htdocs\proekt\system\Database\MySQLi\Connection.php(292): mysqli->query('INSERT INTO `po...', 0)
#1 C:\xampp\htdocs\proekt\system\Database\BaseConnection.php(693): CodeIgniter\Database\MySQLi\Connection->execute('INSERT INTO `po...')
#2 C:\xampp\htdocs\proekt\system\Database\BaseConnection.php(620): CodeIgniter\Database\BaseConnection->simpleQuery('INSERT INTO `po...')
#3 C:\xampp\htdocs\proekt\system\Database\BaseBuilder.php(1916): CodeIgniter\Database\BaseConnection->query('INSERT INTO `po...', Array, false)
#4 C:\xampp\htdocs\proekt\system\Model.php(278): CodeIgniter\Database\BaseBuilder->insert()
#5 C:\xampp\htdocs\proekt\system\BaseModel.php(738): CodeIgniter\Model->doInsert(Array)
#6 C:\xampp\htdocs\proekt\system\Model.php(666): CodeIgniter\BaseModel->insert(Array, false)
#7 C:\xampp\htdocs\proekt\system\BaseModel.php(658): CodeIgniter\Model->insert(Array, false)
#8 C:\xampp\htdocs\proekt\app\Controllers\Posts.php(53): CodeIgniter\BaseModel->save(Array)
#9 C:\xampp\htdocs\proekt\system\CodeIgniter.php(898): App\Controllers\Posts->create_post()
#10 C:\xampp\htdocs\proekt\system\CodeIgniter.php(457): CodeIgniter\CodeIgniter->runController(Object(App\Controllers\Posts))
#11 C:\xampp\htdocs\proekt\system\CodeIgniter.php(340): CodeIgniter\CodeIgniter->handleRequest(NULL, Object(Config\Cache), false)
#12 C:\xampp\htdocs\proekt\public\index.php(67): CodeIgniter\CodeIgniter->run()
#13 {main}
ERROR - 2022-08-12 14:30:19 --> mysqli_sql_exception: Unknown column 'discription' in 'field list' in C:\xampp\htdocs\proekt\system\Database\MySQLi\Connection.php:292
Stack trace:
#0 C:\xampp\htdocs\proekt\system\Database\MySQLi\Connection.php(292): mysqli->query('INSERT INTO `po...', 0)
#1 C:\xampp\htdocs\proekt\system\Database\BaseConnection.php(693): CodeIgniter\Database\MySQLi\Connection->execute('INSERT INTO `po...')
#2 C:\xampp\htdocs\proekt\system\Database\BaseConnection.php(620): CodeIgniter\Database\BaseConnection->simpleQuery('INSERT INTO `po...')
#3 C:\xampp\htdocs\proekt\system\Database\BaseBuilder.php(1916): CodeIgniter\Database\BaseConnection->query('INSERT INTO `po...', Array, false)
#4 C:\xampp\htdocs\proekt\system\Model.php(278): CodeIgniter\Database\BaseBuilder->insert()
#5 C:\xampp\htdocs\proekt\system\BaseModel.php(738): CodeIgniter\Model->doInsert(Array)
#6 C:\xampp\htdocs\proekt\system\Model.php(666): CodeIgniter\BaseModel->insert(Array, false)
#7 C:\xampp\htdocs\proekt\system\BaseModel.php(658): CodeIgniter\Model->insert(Array, false)
#8 C:\xampp\htdocs\proekt\app\Controllers\Posts.php(53): CodeIgniter\BaseModel->save(Array)
#9 C:\xampp\htdocs\proekt\system\CodeIgniter.php(898): App\Controllers\Posts->create_post()
#10 C:\xampp\htdocs\proekt\system\CodeIgniter.php(457): CodeIgniter\CodeIgniter->runController(Object(App\Controllers\Posts))
#11 C:\xampp\htdocs\proekt\system\CodeIgniter.php(340): CodeIgniter\CodeIgniter->handleRequest(NULL, Object(Config\Cache), false)
#12 C:\xampp\htdocs\proekt\public\index.php(67): CodeIgniter\CodeIgniter->run()
#13 {main}
ERROR - 2022-08-12 14:33:34 --> mysqli_sql_exception: Unknown column 'discription' in 'field list' in C:\xampp\htdocs\proekt\system\Database\MySQLi\Connection.php:292
Stack trace:
#0 C:\xampp\htdocs\proekt\system\Database\MySQLi\Connection.php(292): mysqli->query('INSERT INTO `po...', 0)
#1 C:\xampp\htdocs\proekt\system\Database\BaseConnection.php(693): CodeIgniter\Database\MySQLi\Connection->execute('INSERT INTO `po...')
#2 C:\xampp\htdocs\proekt\system\Database\BaseConnection.php(620): CodeIgniter\Database\BaseConnection->simpleQuery('INSERT INTO `po...')
#3 C:\xampp\htdocs\proekt\system\Database\BaseBuilder.php(1916): CodeIgniter\Database\BaseConnection->query('INSERT INTO `po...', Array, false)
#4 C:\xampp\htdocs\proekt\system\Model.php(278): CodeIgniter\Database\BaseBuilder->insert()
#5 C:\xampp\htdocs\proekt\system\BaseModel.php(738): CodeIgniter\Model->doInsert(Array)
#6 C:\xampp\htdocs\proekt\system\Model.php(666): CodeIgniter\BaseModel->insert(Array, false)
#7 C:\xampp\htdocs\proekt\system\BaseModel.php(658): CodeIgniter\Model->insert(Array, false)
#8 C:\xampp\htdocs\proekt\app\Controllers\Posts.php(53): CodeIgniter\BaseModel->save(Array)
#9 C:\xampp\htdocs\proekt\system\CodeIgniter.php(898): App\Controllers\Posts->create_post()
#10 C:\xampp\htdocs\proekt\system\CodeIgniter.php(457): CodeIgniter\CodeIgniter->runController(Object(App\Controllers\Posts))
#11 C:\xampp\htdocs\proekt\system\CodeIgniter.php(340): CodeIgniter\CodeIgniter->handleRequest(NULL, Object(Config\Cache), false)
#12 C:\xampp\htdocs\proekt\public\index.php(67): CodeIgniter\CodeIgniter->run()
#13 {main}
CRITICAL - 2022-08-12 14:34:46 --> Undefined array key "discription"
in APPPATH\Views\posts\view.php on line 4.
 1 APPPATH\Views\posts\view.php(4): CodeIgniter\Debug\Exceptions->errorHandler(2, 'Undefined array key "discription"', 'APPPATH\\Views\\posts\\view.php', 4)
 2 SYSTEMPATH\View\View.php(213): include('APPPATH\\Views\\posts\\view.php')
 3 SYSTEMPATH\View\View.php(216): CodeIgniter\View\View->CodeIgniter\View\{closure}()
 4 SYSTEMPATH\Common.php(1137): CodeIgniter\View\View->render('posts/view', [], true)
 5 APPPATH\Controllers\Posts.php(34): view('posts/view', [...])
 6 SYSTEMPATH\CodeIgniter.php(898): App\Controllers\Posts->view('post-one')
 7 SYSTEMPATH\CodeIgniter.php(457): CodeIgniter\CodeIgniter->runController(Object(App\Controllers\Posts))
 8 SYSTEMPATH\CodeIgniter.php(340): CodeIgniter\CodeIgniter->handleRequest(null, Object(Config\Cache), false)
 9 FCPATH\index.php(67): CodeIgniter\CodeIgniter->run()
ERROR - 2022-08-12 14:35:54 --> mysqli_sql_exception: Column 'description' cannot be null in C:\xampp\htdocs\proekt\system\Database\MySQLi\Connection.php:292
Stack trace:
#0 C:\xampp\htdocs\proekt\system\Database\MySQLi\Connection.php(292): mysqli->query('INSERT INTO `po...', 0)
#1 C:\xampp\htdocs\proekt\system\Database\BaseConnection.php(693): CodeIgniter\Database\MySQLi\Connection->execute('INSERT INTO `po...')
#2 C:\xampp\htdocs\proekt\system\Database\BaseConnection.php(620): CodeIgniter\Database\BaseConnection->simpleQuery('INSERT INTO `po...')
#3 C:\xampp\htdocs\proekt\system\Database\BaseBuilder.php(1916): CodeIgniter\Database\BaseConnection->query('INSERT INTO `po...', Array, false)
#4 C:\xampp\htdocs\proekt\system\Model.php(278): CodeIgniter\Database\BaseBuilder->insert()
#5 C:\xampp\htdocs\proekt\system\BaseModel.php(738): CodeIgniter\Model->doInsert(Array)
#6 C:\xampp\htdocs\proekt\system\Model.php(666): CodeIgniter\BaseModel->insert(Array, false)
#7 C:\xampp\htdocs\proekt\system\BaseModel.php(658): CodeIgniter\Model->insert(Array, false)
#8 C:\xampp\htdocs\proekt\app\Controllers\Posts.php(53): CodeIgniter\BaseModel->save(Array)
#9 C:\xampp\htdocs\proekt\system\CodeIgniter.php(898): App\Controllers\Posts->create_post()
#10 C:\xampp\htdocs\proekt\system\CodeIgniter.php(457): CodeIgniter\CodeIgniter->runController(Object(App\Controllers\Posts))
#11 C:\xampp\htdocs\proekt\system\CodeIgniter.php(340): CodeIgniter\CodeIgniter->handleRequest(NULL, Object(Config\Cache), false)
#12 C:\xampp\htdocs\proekt\public\index.php(67): CodeIgniter\CodeIgniter->run()
#13 {main}
CRITICAL - 2022-08-12 14:51:07 --> Undefined property: CodeIgniter\View\View::$db
in APPPATH\Views\posts\index.php on line 11.
 1 APPPATH\Views\posts\index.php(11): CodeIgniter\Debug\Exceptions->errorHandler(2, 'Undefined property: CodeIgniter\\View\\View::$db', 'APPPATH\\Views\\posts\\index.php', 11)
 2 SYSTEMPATH\View\View.php(213): include('APPPATH\\Views\\posts\\index.php')
 3 SYSTEMPATH\View\View.php(216): CodeIgniter\View\View->CodeIgniter\View\{closure}()
 4 SYSTEMPATH\Common.php(1137): CodeIgniter\View\View->render('posts/index', [], true)
 5 APPPATH\Controllers\Posts.php(18): view('posts/index', [...])
 6 SYSTEMPATH\CodeIgniter.php(898): App\Controllers\Posts->index('index')
 7 SYSTEMPATH\CodeIgniter.php(457): CodeIgniter\CodeIgniter->runController(Object(App\Controllers\Posts))
 8 SYSTEMPATH\CodeIgniter.php(340): CodeIgniter\CodeIgniter->handleRequest(null, Object(Config\Cache), false)
 9 FCPATH\index.php(67): CodeIgniter\CodeIgniter->run()
CRITICAL - 2022-08-12 14:53:10 --> Array to string conversion
in APPPATH\Controllers\Posts.php on line 17.
 1 APPPATH\Controllers\Posts.php(17): CodeIgniter\Debug\Exceptions->errorHandler(2, 'Array to string conversion', 'APPPATH\\Controllers\\Posts.php', 17)
 2 SYSTEMPATH\CodeIgniter.php(898): App\Controllers\Posts->index('index')
 3 SYSTEMPATH\CodeIgniter.php(457): CodeIgniter\CodeIgniter->runController(Object(App\Controllers\Posts))
 4 SYSTEMPATH\CodeIgniter.php(340): CodeIgniter\CodeIgniter->handleRequest(null, Object(Config\Cache), false)
 5 FCPATH\index.php(67): CodeIgniter\CodeIgniter->run()
CRITICAL - 2022-08-12 14:53:30 --> Undefined property: App\Controllers\Posts::$db
in APPPATH\Controllers\Posts.php on line 17.
 1 APPPATH\Controllers\Posts.php(17): CodeIgniter\Debug\Exceptions->errorHandler(2, 'Undefined property: App\\Controllers\\Posts::$db', 'APPPATH\\Controllers\\Posts.php', 17)
 2 SYSTEMPATH\CodeIgniter.php(898): App\Controllers\Posts->index('index')
 3 SYSTEMPATH\CodeIgniter.php(457): CodeIgniter\CodeIgniter->runController(Object(App\Controllers\Posts))
 4 SYSTEMPATH\CodeIgniter.php(340): CodeIgniter\CodeIgniter->handleRequest(null, Object(Config\Cache), false)
 5 FCPATH\index.php(67): CodeIgniter\CodeIgniter->run()
CRITICAL - 2022-08-12 14:54:09 --> Array to string conversion
in APPPATH\Controllers\Posts.php on line 17.
 1 APPPATH\Controllers\Posts.php(17): CodeIgniter\Debug\Exceptions->errorHandler(2, 'Array to string conversion', 'APPPATH\\Controllers\\Posts.php', 17)
 2 SYSTEMPATH\CodeIgniter.php(898): App\Controllers\Posts->index('index')
 3 SYSTEMPATH\CodeIgniter.php(457): CodeIgniter\CodeIgniter->runController(Object(App\Controllers\Posts))
 4 SYSTEMPATH\CodeIgniter.php(340): CodeIgniter\CodeIgniter->handleRequest(null, Object(Config\Cache), false)
 5 FCPATH\index.php(67): CodeIgniter\CodeIgniter->run()
CRITICAL - 2022-08-12 14:54:16 --> Array to string conversion
in APPPATH\Controllers\Posts.php on line 17.
 1 APPPATH\Controllers\Posts.php(17): CodeIgniter\Debug\Exceptions->errorHandler(2, 'Array to string conversion', 'APPPATH\\Controllers\\Posts.php', 17)
 2 SYSTEMPATH\CodeIgniter.php(898): App\Controllers\Posts->index('index')
 3 SYSTEMPATH\CodeIgniter.php(457): CodeIgniter\CodeIgniter->runController(Object(App\Controllers\Posts))
 4 SYSTEMPATH\CodeIgniter.php(340): CodeIgniter\CodeIgniter->handleRequest(null, Object(Config\Cache), false)
 5 FCPATH\index.php(67): CodeIgniter\CodeIgniter->run()
CRITICAL - 2022-08-12 14:55:50 --> Undefined property: App\Controllers\Posts::$db
in APPPATH\Controllers\Posts.php on line 18.
 1 APPPATH\Controllers\Posts.php(18): CodeIgniter\Debug\Exceptions->errorHandler(2, 'Undefined property: App\\Controllers\\Posts::$db', 'APPPATH\\Controllers\\Posts.php', 18)
 2 SYSTEMPATH\CodeIgniter.php(898): App\Controllers\Posts->index('index')
 3 SYSTEMPATH\CodeIgniter.php(457): CodeIgniter\CodeIgniter->runController(Object(App\Controllers\Posts))
 4 SYSTEMPATH\CodeIgniter.php(340): CodeIgniter\CodeIgniter->handleRequest(null, Object(Config\Cache), false)
 5 FCPATH\index.php(67): CodeIgniter\CodeIgniter->run()
CRITICAL - 2022-08-12 14:55:58 --> Object of class CodeIgniter\Database\MySQLi\Connection could not be converted to string
in APPPATH\Controllers\Posts.php on line 18.
 1 SYSTEMPATH\CodeIgniter.php(898): App\Controllers\Posts->index('index')
 2 SYSTEMPATH\CodeIgniter.php(457): CodeIgniter\CodeIgniter->runController(Object(App\Controllers\Posts))
 3 SYSTEMPATH\CodeIgniter.php(340): CodeIgniter\CodeIgniter->handleRequest(null, Object(Config\Cache), false)
 4 FCPATH\index.php(67): CodeIgniter\CodeIgniter->run()
CRITICAL - 2022-08-12 15:01:15 --> Call to undefined function form_open()
in APPPATH\Views\posts\view.php on line 13.
 1 SYSTEMPATH\View\View.php(213): include()
 2 SYSTEMPATH\View\View.php(216): CodeIgniter\View\View->CodeIgniter\View\{closure}()
 3 SYSTEMPATH\Common.php(1137): CodeIgniter\View\View->render('posts/view', [], true)
 4 APPPATH\Controllers\Posts.php(36): view('posts/view', [...])
 5 SYSTEMPATH\CodeIgniter.php(898): App\Controllers\Posts->view('post-one')
 6 SYSTEMPATH\CodeIgniter.php(457): CodeIgniter\CodeIgniter->runController(Object(App\Controllers\Posts))
 7 SYSTEMPATH\CodeIgniter.php(340): CodeIgniter\CodeIgniter->handleRequest(null, Object(Config\Cache), false)
 8 FCPATH\index.php(67): CodeIgniter\CodeIgniter->run()
CRITICAL - 2022-08-12 15:02:04 --> Call to undefined function form_open()
in APPPATH\Views\posts\view.php on line 13.
 1 SYSTEMPATH\View\View.php(213): include()
 2 SYSTEMPATH\View\View.php(216): CodeIgniter\View\View->CodeIgniter\View\{closure}()
 3 SYSTEMPATH\Common.php(1137): CodeIgniter\View\View->render('posts/view', [], true)
 4 APPPATH\Controllers\Posts.php(36): view('posts/view', [...])
 5 SYSTEMPATH\CodeIgniter.php(898): App\Controllers\Posts->view('post-one')
 6 SYSTEMPATH\CodeIgniter.php(457): CodeIgniter\CodeIgniter->runController(Object(App\Controllers\Posts))
 7 SYSTEMPATH\CodeIgniter.php(340): CodeIgniter\CodeIgniter->handleRequest(null, Object(Config\Cache), false)
 8 FCPATH\index.php(67): CodeIgniter\CodeIgniter->run()
CRITICAL - 2022-08-12 15:02:23 --> Call to undefined function form_open()
in APPPATH\Views\posts\view.php on line 13.
 1 SYSTEMPATH\View\View.php(213): include()
 2 SYSTEMPATH\View\View.php(216): CodeIgniter\View\View->CodeIgniter\View\{closure}()
 3 SYSTEMPATH\Common.php(1137): CodeIgniter\View\View->render('posts/view', [], true)
 4 APPPATH\Controllers\Posts.php(36): view('posts/view', [...])
 5 SYSTEMPATH\CodeIgniter.php(898): App\Controllers\Posts->view('post-one')
 6 SYSTEMPATH\CodeIgniter.php(457): CodeIgniter\CodeIgniter->runController(Object(App\Controllers\Posts))
 7 SYSTEMPATH\CodeIgniter.php(340): CodeIgniter\CodeIgniter->handleRequest(null, Object(Config\Cache), false)
 8 FCPATH\index.php(67): CodeIgniter\CodeIgniter->run()
CRITICAL - 2022-08-12 15:03:28 --> Call to undefined function form_open()
in APPPATH\Views\posts\view.php on line 13.
 1 SYSTEMPATH\View\View.php(213): include()
 2 SYSTEMPATH\View\View.php(216): CodeIgniter\View\View->CodeIgniter\View\{closure}()
 3 SYSTEMPATH\Common.php(1137): CodeIgniter\View\View->render('posts/view', [], true)
 4 APPPATH\Controllers\Posts.php(36): view('posts/view', [...])
 5 SYSTEMPATH\CodeIgniter.php(898): App\Controllers\Posts->view('post-one')
 6 SYSTEMPATH\CodeIgniter.php(457): CodeIgniter\CodeIgniter->runController(Object(App\Controllers\Posts))
 7 SYSTEMPATH\CodeIgniter.php(340): CodeIgniter\CodeIgniter->handleRequest(null, Object(Config\Cache), false)
 8 FCPATH\index.php(67): CodeIgniter\CodeIgniter->run()
CRITICAL - 2022-08-12 15:03:30 --> Call to undefined function form_open()
in APPPATH\Views\posts\view.php on line 13.
 1 SYSTEMPATH\View\View.php(213): include()
 2 SYSTEMPATH\View\View.php(216): CodeIgniter\View\View->CodeIgniter\View\{closure}()
 3 SYSTEMPATH\Common.php(1137): CodeIgniter\View\View->render('posts/view', [], true)
 4 APPPATH\Controllers\Posts.php(36): view('posts/view', [...])
 5 SYSTEMPATH\CodeIgniter.php(898): App\Controllers\Posts->view('post-one')
 6 SYSTEMPATH\CodeIgniter.php(457): CodeIgniter\CodeIgniter->runController(Object(App\Controllers\Posts))
 7 SYSTEMPATH\CodeIgniter.php(340): CodeIgniter\CodeIgniter->handleRequest(null, Object(Config\Cache), false)
 8 FCPATH\index.php(67): CodeIgniter\CodeIgniter->run()
CRITICAL - 2022-08-12 15:03:31 --> Call to undefined function form_open()
in APPPATH\Views\posts\view.php on line 13.
 1 SYSTEMPATH\View\View.php(213): include()
 2 SYSTEMPATH\View\View.php(216): CodeIgniter\View\View->CodeIgniter\View\{closure}()
 3 SYSTEMPATH\Common.php(1137): CodeIgniter\View\View->render('posts/view', [], true)
 4 APPPATH\Controllers\Posts.php(36): view('posts/view', [...])
 5 SYSTEMPATH\CodeIgniter.php(898): App\Controllers\Posts->view('post-one')
 6 SYSTEMPATH\CodeIgniter.php(457): CodeIgniter\CodeIgniter->runController(Object(App\Controllers\Posts))
 7 SYSTEMPATH\CodeIgniter.php(340): CodeIgniter\CodeIgniter->handleRequest(null, Object(Config\Cache), false)
 8 FCPATH\index.php(67): CodeIgniter\CodeIgniter->run()
CRITICAL - 2022-08-12 15:05:27 --> Call to undefined function form_open()
in APPPATH\Views\posts\view.php on line 14.
 1 SYSTEMPATH\View\View.php(213): include()
 2 SYSTEMPATH\View\View.php(216): CodeIgniter\View\View->CodeIgniter\View\{closure}()
 3 SYSTEMPATH\Common.php(1137): CodeIgniter\View\View->render('posts/view', [], true)
 4 APPPATH\Controllers\Posts.php(36): view('posts/view', [...])
 5 SYSTEMPATH\CodeIgniter.php(898): App\Controllers\Posts->view('post-one')
 6 SYSTEMPATH\CodeIgniter.php(457): CodeIgniter\CodeIgniter->runController(Object(App\Controllers\Posts))
 7 SYSTEMPATH\CodeIgniter.php(340): CodeIgniter\CodeIgniter->handleRequest(null, Object(Config\Cache), false)
 8 FCPATH\index.php(67): CodeIgniter\CodeIgniter->run()
CRITICAL - 2022-08-12 15:05:35 --> Call to undefined function form_open()
in APPPATH\Views\posts\view.php on line 14.
 1 SYSTEMPATH\View\View.php(213): include()
 2 SYSTEMPATH\View\View.php(216): CodeIgniter\View\View->CodeIgniter\View\{closure}()
 3 SYSTEMPATH\Common.php(1137): CodeIgniter\View\View->render('posts/view', [], true)
 4 APPPATH\Controllers\Posts.php(36): view('posts/view', [...])
 5 SYSTEMPATH\CodeIgniter.php(898): App\Controllers\Posts->view('post-one')
 6 SYSTEMPATH\CodeIgniter.php(457): CodeIgniter\CodeIgniter->runController(Object(App\Controllers\Posts))
 7 SYSTEMPATH\CodeIgniter.php(340): CodeIgniter\CodeIgniter->handleRequest(null, Object(Config\Cache), false)
 8 FCPATH\index.php(67): CodeIgniter\CodeIgniter->run()
CRITICAL - 2022-08-12 15:05:39 --> Call to undefined function form_open()
in APPPATH\Views\posts\view.php on line 14.
 1 SYSTEMPATH\View\View.php(213): include()
 2 SYSTEMPATH\View\View.php(216): CodeIgniter\View\View->CodeIgniter\View\{closure}()
 3 SYSTEMPATH\Common.php(1137): CodeIgniter\View\View->render('posts/view', [], true)
 4 APPPATH\Controllers\Posts.php(36): view('posts/view', [...])
 5 SYSTEMPATH\CodeIgniter.php(898): App\Controllers\Posts->view('post-one')
 6 SYSTEMPATH\CodeIgniter.php(457): CodeIgniter\CodeIgniter->runController(Object(App\Controllers\Posts))
 7 SYSTEMPATH\CodeIgniter.php(340): CodeIgniter\CodeIgniter->handleRequest(null, Object(Config\Cache), false)
 8 FCPATH\index.php(67): CodeIgniter\CodeIgniter->run()
CRITICAL - 2022-08-12 15:05:57 --> Call to undefined function form_open()
in APPPATH\Views\posts\view.php on line 12.
 1 SYSTEMPATH\View\View.php(213): include()
 2 SYSTEMPATH\View\View.php(216): CodeIgniter\View\View->CodeIgniter\View\{closure}()
 3 SYSTEMPATH\Common.php(1137): CodeIgniter\View\View->render('posts/view', [], true)
 4 APPPATH\Controllers\Posts.php(36): view('posts/view', [...])
 5 SYSTEMPATH\CodeIgniter.php(898): App\Controllers\Posts->view('post-one')
 6 SYSTEMPATH\CodeIgniter.php(457): CodeIgniter\CodeIgniter->runController(Object(App\Controllers\Posts))
 7 SYSTEMPATH\CodeIgniter.php(340): CodeIgniter\CodeIgniter->handleRequest(null, Object(Config\Cache), false)
 8 FCPATH\index.php(67): CodeIgniter\CodeIgniter->run()
CRITICAL - 2022-08-12 15:07:23 --> Undefined variable $post
in APPPATH\Views\posts\view.php on line 14.
 1 APPPATH\Views\posts\view.php(14): CodeIgniter\Debug\Exceptions->errorHandler(2, 'Undefined variable $post', 'APPPATH\\Views\\posts\\view.php', 14)
 2 SYSTEMPATH\View\View.php(213): include('APPPATH\\Views\\posts\\view.php')
 3 SYSTEMPATH\View\View.php(216): CodeIgniter\View\View->CodeIgniter\View\{closure}()
 4 SYSTEMPATH\Common.php(1137): CodeIgniter\View\View->render('posts/view', [], true)
 5 APPPATH\Controllers\Posts.php(36): view('posts/view', [...])
 6 SYSTEMPATH\CodeIgniter.php(898): App\Controllers\Posts->view('post-one')
 7 SYSTEMPATH\CodeIgniter.php(457): CodeIgniter\CodeIgniter->runController(Object(App\Controllers\Posts))
 8 SYSTEMPATH\CodeIgniter.php(340): CodeIgniter\CodeIgniter->handleRequest(null, Object(Config\Cache), false)
 9 FCPATH\index.php(67): CodeIgniter\CodeIgniter->run()
CRITICAL - 2022-08-12 15:07:27 --> Undefined variable $post
in APPPATH\Views\posts\view.php on line 14.
 1 APPPATH\Views\posts\view.php(14): CodeIgniter\Debug\Exceptions->errorHandler(2, 'Undefined variable $post', 'APPPATH\\Views\\posts\\view.php', 14)
 2 SYSTEMPATH\View\View.php(213): include('APPPATH\\Views\\posts\\view.php')
 3 SYSTEMPATH\View\View.php(216): CodeIgniter\View\View->CodeIgniter\View\{closure}()
 4 SYSTEMPATH\Common.php(1137): CodeIgniter\View\View->render('posts/view', [], true)
 5 APPPATH\Controllers\Posts.php(36): view('posts/view', [...])
 6 SYSTEMPATH\CodeIgniter.php(898): App\Controllers\Posts->view('post-one')
 7 SYSTEMPATH\CodeIgniter.php(457): CodeIgniter\CodeIgniter->runController(Object(App\Controllers\Posts))
 8 SYSTEMPATH\CodeIgniter.php(340): CodeIgniter\CodeIgniter->handleRequest(null, Object(Config\Cache), false)
 9 FCPATH\index.php(67): CodeIgniter\CodeIgniter->run()
CRITICAL - 2022-08-12 15:20:42 --> Unmatched '}'
in APPPATH\Controllers\Posts.php on line 75.
 1 SYSTEMPATH\Autoloader\Autoloader.php(259): CodeIgniter\Autoloader\Autoloader->includeFile('APPPATH\\Controllers\\Posts.php')
 2 SYSTEMPATH\Autoloader\Autoloader.php(237): CodeIgniter\Autoloader\Autoloader->loadInNamespace('App\\Controllers\\Posts')
 3 [internal function]: CodeIgniter\Autoloader\Autoloader->loadClass('App\\Controllers\\Posts')
 4 SYSTEMPATH\CodeIgniter.php(848): class_exists('\\App\\Controllers\\Posts', true)
 5 SYSTEMPATH\CodeIgniter.php(444): CodeIgniter\CodeIgniter->startController()
 6 SYSTEMPATH\CodeIgniter.php(340): CodeIgniter\CodeIgniter->handleRequest(null, Object(Config\Cache), false)
 7 FCPATH\index.php(67): CodeIgniter\CodeIgniter->run()
CRITICAL - 2022-08-12 15:39:50 --> Undefined variable $post
in APPPATH\Views\posts\view.php on line 13.
 1 APPPATH\Views\posts\view.php(13): CodeIgniter\Debug\Exceptions->errorHandler(2, 'Undefined variable $post', 'APPPATH\\Views\\posts\\view.php', 13)
 2 SYSTEMPATH\View\View.php(213): include('APPPATH\\Views\\posts\\view.php')
 3 SYSTEMPATH\View\View.php(216): CodeIgniter\View\View->CodeIgniter\View\{closure}()
 4 SYSTEMPATH\Common.php(1137): CodeIgniter\View\View->render('posts/view', [], true)
 5 APPPATH\Controllers\Posts.php(36): view('posts/view', [...])
 6 SYSTEMPATH\CodeIgniter.php(898): App\Controllers\Posts->view('asf')
 7 SYSTEMPATH\CodeIgniter.php(457): CodeIgniter\CodeIgniter->runController(Object(App\Controllers\Posts))
 8 SYSTEMPATH\CodeIgniter.php(340): CodeIgniter\CodeIgniter->handleRequest(null, Object(Config\Cache), false)
 9 FCPATH\index.php(67): CodeIgniter\CodeIgniter->run()
CRITICAL - 2022-08-12 15:39:58 --> Undefined variable $post
in APPPATH\Views\posts\view.php on line 16.
 1 APPPATH\Views\posts\view.php(16): CodeIgniter\Debug\Exceptions->errorHandler(2, 'Undefined variable $post', 'APPPATH\\Views\\posts\\view.php', 16)
 2 SYSTEMPATH\View\View.php(213): include('APPPATH\\Views\\posts\\view.php')
 3 SYSTEMPATH\View\View.php(216): CodeIgniter\View\View->CodeIgniter\View\{closure}()
 4 SYSTEMPATH\Common.php(1137): CodeIgniter\View\View->render('posts/view', [], true)
 5 APPPATH\Controllers\Posts.php(36): view('posts/view', [...])
 6 SYSTEMPATH\CodeIgniter.php(898): App\Controllers\Posts->view('asf')
 7 SYSTEMPATH\CodeIgniter.php(457): CodeIgniter\CodeIgniter->runController(Object(App\Controllers\Posts))
 8 SYSTEMPATH\CodeIgniter.php(340): CodeIgniter\CodeIgniter->handleRequest(null, Object(Config\Cache), false)
 9 FCPATH\index.php(67): CodeIgniter\CodeIgniter->run()
CRITICAL - 2022-08-12 15:40:51 --> Undefined variable $post
in APPPATH\Views\posts\view.php on line 15.
 1 APPPATH\Views\posts\view.php(15): CodeIgniter\Debug\Exceptions->errorHandler(2, 'Undefined variable $post', 'APPPATH\\Views\\posts\\view.php', 15)
 2 SYSTEMPATH\View\View.php(213): include('APPPATH\\Views\\posts\\view.php')
 3 SYSTEMPATH\View\View.php(216): CodeIgniter\View\View->CodeIgniter\View\{closure}()
 4 SYSTEMPATH\Common.php(1137): CodeIgniter\View\View->render('posts/view', [], true)
 5 APPPATH\Controllers\Posts.php(36): view('posts/view', [...])
 6 SYSTEMPATH\CodeIgniter.php(898): App\Controllers\Posts->view('asf')
 7 SYSTEMPATH\CodeIgniter.php(457): CodeIgniter\CodeIgniter->runController(Object(App\Controllers\Posts))
 8 SYSTEMPATH\CodeIgniter.php(340): CodeIgniter\CodeIgniter->handleRequest(null, Object(Config\Cache), false)
 9 FCPATH\index.php(67): CodeIgniter\CodeIgniter->run()
CRITICAL - 2022-08-12 15:42:49 --> Undefined variable $post
in APPPATH\Views\posts\view.php on line 13.
 1 APPPATH\Views\posts\view.php(13): CodeIgniter\Debug\Exceptions->errorHandler(2, 'Undefined variable $post', 'APPPATH\\Views\\posts\\view.php', 13)
 2 SYSTEMPATH\View\View.php(213): include('APPPATH\\Views\\posts\\view.php')
 3 SYSTEMPATH\View\View.php(216): CodeIgniter\View\View->CodeIgniter\View\{closure}()
 4 SYSTEMPATH\Common.php(1137): CodeIgniter\View\View->render('posts/view', [], true)
 5 APPPATH\Controllers\Posts.php(36): view('posts/view', [...])
 6 SYSTEMPATH\CodeIgniter.php(898): App\Controllers\Posts->view('asf')
 7 SYSTEMPATH\CodeIgniter.php(457): CodeIgniter\CodeIgniter->runController(Object(App\Controllers\Posts))
 8 SYSTEMPATH\CodeIgniter.php(340): CodeIgniter\CodeIgniter->handleRequest(null, Object(Config\Cache), false)
 9 FCPATH\index.php(67): CodeIgniter\CodeIgniter->run()
CRITICAL - 2022-08-12 15:47:40 --> Undefined variable $posts
in APPPATH\Views\posts\index.php on line 12.
 1 APPPATH\Views\posts\index.php(12): CodeIgniter\Debug\Exceptions->errorHandler(2, 'Undefined variable $posts', 'APPPATH\\Views\\posts\\index.php', 12)
 2 SYSTEMPATH\View\View.php(213): include('APPPATH\\Views\\posts\\index.php')
 3 SYSTEMPATH\View\View.php(216): CodeIgniter\View\View->CodeIgniter\View\{closure}()
 4 SYSTEMPATH\Common.php(1137): CodeIgniter\View\View->render('posts/index', [], true)
 5 APPPATH\Controllers\Posts.php(20): view('posts/index', [...])
 6 SYSTEMPATH\CodeIgniter.php(898): App\Controllers\Posts->index('index')
 7 SYSTEMPATH\CodeIgniter.php(457): CodeIgniter\CodeIgniter->runController(Object(App\Controllers\Posts))
 8 SYSTEMPATH\CodeIgniter.php(340): CodeIgniter\CodeIgniter->handleRequest(null, Object(Config\Cache), false)
 9 FCPATH\index.php(67): CodeIgniter\CodeIgniter->run()
CRITICAL - 2022-08-12 15:47:51 --> Undefined array key "id"
in APPPATH\Views\posts\index.php on line 12.
 1 APPPATH\Views\posts\index.php(12): CodeIgniter\Debug\Exceptions->errorHandler(2, 'Undefined array key "id"', 'APPPATH\\Views\\posts\\index.php', 12)
 2 SYSTEMPATH\View\View.php(213): include('APPPATH\\Views\\posts\\index.php')
 3 SYSTEMPATH\View\View.php(216): CodeIgniter\View\View->CodeIgniter\View\{closure}()
 4 SYSTEMPATH\Common.php(1137): CodeIgniter\View\View->render('posts/index', [], true)
 5 APPPATH\Controllers\Posts.php(20): view('posts/index', [...])
 6 SYSTEMPATH\CodeIgniter.php(898): App\Controllers\Posts->index('index')
 7 SYSTEMPATH\CodeIgniter.php(457): CodeIgniter\CodeIgniter->runController(Object(App\Controllers\Posts))
 8 SYSTEMPATH\CodeIgniter.php(340): CodeIgniter\CodeIgniter->handleRequest(null, Object(Config\Cache), false)
 9 FCPATH\index.php(67): CodeIgniter\CodeIgniter->run()
